J 0x00400000 (line# 0x00020000)
I 0x00400250 (line# 0x00020012)
I 0x00400254 (line# 0x00020012)
I 0x00400258 (line# 0x00020012)
R 0x0040025c (line# 0x00020012)
J 0x00400260 (line# 0x00020013)
R 0x00400200 (line# 0x00020010)
I 0x00400204 (line# 0x00020010)
I 0x00400208 (line# 0x00020010)
I 0x0040020c (line# 0x00020010)
I 0x00400210 (line# 0x00020010)
R 0x00400214 (line# 0x00020010)
R 0x00400218 (line# 0x00020010)
I 0x0040021c (line# 0x00020010)
I 0x00400220 (line# 0x00020011)
R 0x00400224 (line# 0x00020011)
I 0x00400228 (line# 0x00020011)
I 0x0040022c (line# 0x00020011)
R 0x00400230 (line# 0x00020011)
I 0x00400234 (line# 0x00020011)
I 0x00400238 (line# 0x00020011)
R 0x0040023c (line# 0x00020011)
J 0x00400240 (line# 0x00020012)
R 0x00400214 (line# 0x00020010)
R 0x00400218 (line# 0x00020010)
I 0x0040021c (line# 0x00020010)
I 0x00400220 (line# 0x00020011)
R 0x00400224 (line# 0x00020011)
I 0x00400228 (line# 0x00020011)
I 0x0040022c (line# 0x00020011)
R 0x00400230 (line# 0x00020011)
I 0x00400234 (line# 0x00020011)
I 0x00400238 (line# 0x00020011)
R 0x0040023c (line# 0x00020011)
J 0x00400240 (line# 0x00020012)
R 0x00400214 (line# 0x00020010)
R 0x00400218 (line# 0x00020010)
I 0x0040021c (line# 0x00020010)
I 0x00400220 (line# 0x00020011)
R 0x00400224 (line# 0x00020011)
I 0x00400228 (line# 0x00020011)
I 0x0040022c (line# 0x00020011)
R 0x00400230 (line# 0x00020011)
I 0x00400234 (line# 0x00020011)
I 0x00400238 (line# 0x00020011)
R 0x0040023c (line# 0x00020011)
J 0x00400240 (line# 0x00020012)
R 0x00400214 (line# 0x00020010)
R 0x00400218 (line# 0x00020010)
I 0x0040021c (line# 0x00020010)
I 0x00400220 (line# 0x00020011)
R 0x00400224 (line# 0x00020011)
I 0x00400228 (line# 0x00020011)
I 0x0040022c (line# 0x00020011)
R 0x00400230 (line# 0x00020011)
I 0x00400234 (line# 0x00020011)
I 0x00400238 (line# 0x00020011)
R 0x0040023c (line# 0x00020011)
J 0x00400240 (line# 0x00020012)
R 0x00400214 (line# 0x00020010)
R 0x00400218 (line# 0x00020010)
I 0x0040021c (line# 0x00020010)
I 0x00400220 (line# 0x00020011)
R 0x00400224 (line# 0x00020011)
I 0x00400228 (line# 0x00020011)
I 0x0040022c (line# 0x00020011)
R 0x00400230 (line# 0x00020011)
I 0x00400234 (line# 0x00020011)
I 0x00400238 (line# 0x00020011)
R 0x0040023c (line# 0x00020011)
J 0x00400240 (line# 0x00020012)
R 0x00400214 (line# 0x00020010)
R 0x00400218 (line# 0x00020010)
I 0x0040021c (line# 0x00020010)
I 0x00400220 (line# 0x00020011)
R 0x00400224 (line# 0x00020011)
I 0x00400228 (line# 0x00020011)
I 0x0040022c (line# 0x00020011)
R 0x00400230 (line# 0x00020011)
I 0x00400234 (line# 0x00020011)
I 0x00400238 (line# 0x00020011)
R 0x0040023c (line# 0x00020011)
J 0x00400240 (line# 0x00020012)
R 0x00400214 (line# 0x00020010)
R 0x00400218 (line# 0x00020010)
I 0x0040021c (line# 0x00020010)
I 0x00400220 (line# 0x00020011)
R 0x00400224 (line# 0x00020011)
I 0x00400228 (line# 0x00020011)
I 0x0040022c (line# 0x00020011)
R 0x00400230 (line# 0x00020011)
I 0x00400234 (line# 0x00020011)
I 0x00400238 (line# 0x00020011)
R 0x0040023c (line# 0x00020011)
J 0x00400240 (line# 0x00020012)
R 0x00400214 (line# 0x00020010)
R 0x00400218 (line# 0x00020010)
I 0x0040021c (line# 0x00020010)
I 0x00400220 (line# 0x00020011)
R 0x00400224 (line# 0x00020011)
I 0x00400228 (line# 0x00020011)
I 0x0040022c (line# 0x00020011)
R 0x00400230 (line# 0x00020011)
I 0x00400234 (line# 0x00020011)
I 0x00400238 (line# 0x00020011)
R 0x0040023c (line# 0x00020011)
J 0x00400240 (line# 0x00020012)
R 0x00400214 (line# 0x00020010)
R 0x00400218 (line# 0x00020010)
I 0x0040021c (line# 0x00020010)
I 0x00400220 (line# 0x00020011)
R 0x00400224 (line# 0x00020011)
I 0x00400228 (line# 0x00020011)
I 0x0040022c (line# 0x00020011)
R 0x00400230 (line# 0x00020011)
I 0x00400234 (line# 0x00020011)
I 0x00400238 (line# 0x00020011)
R 0x0040023c (line# 0x00020011)
J 0x00400240 (line# 0x00020012)
R 0x00400214 (line# 0x00020010)
R 0x00400218 (line# 0x00020010)
I 0x0040021c (line# 0x00020010)
I 0x00400220 (line# 0x00020011)
R 0x00400224 (line# 0x00020011)
I 0x00400228 (line# 0x00020011)
I 0x0040022c (line# 0x00020011)
R 0x00400230 (line# 0x00020011)
I 0x00400234 (line# 0x00020011)
I 0x00400238 (line# 0x00020011)
R 0x00400248 (line# 0x00020012)
I 0x00400268 (line# 0x00020013)
I 0x0040026c (line# 0x00020013)
R 0x00400270 (line# 0x00020013)
I 0x00400274 (line# 0x00020013)
I 0x00400278 (line# 0x00020013)
I 0x0040027c (line# 0x00020013)
I 0x00400280 (line# 0x00020014)
I 0x00400284 (line# 0x00020014)
J 0x00400288 (line# 0x00020014)
I 0x00400168 (line# 0x0002000b)
I 0x0040016c (line# 0x0002000b)
W 0x7fffeff8 (line# 0x03ffff7f)
I 0x00400170 (line# 0x0002000b)
W 0x7fffeff4 (line# 0x03ffff7f)
R 0x00400174 (line# 0x0002000b)
I 0x00400178 (line# 0x0002000b)
W 0x7fffeffc (line# 0x03ffff7f)
I 0x0040017c (line# 0x0002000b)
W 0x7ffff000 (line# 0x03ffff80)
I 0x00400180 (line# 0x0002000c)
W 0x7ffff004 (line# 0x03ffff80)
I 0x00400184 (line# 0x0002000c)
I 0x00400188 (line# 0x0002000c)
R 0x0040018c (line# 0x0002000c)
I 0x00400190 (line# 0x0002000c)
R 0x00400194 (line# 0x0002000c)
I 0x00400198 (line# 0x0002000c)
I 0x0040019c (line# 0x0002000c)
I 0x004001a0 (line# 0x0002000d)
J 0x004001a4 (line# 0x0002000d)
I 0x00400008 (line# 0x00020000)
I 0x0040000c (line# 0x00020000)
W 0x7fffefd0 (line# 0x03ffff7e)
R 0x00400010 (line# 0x00020000)
I 0x00400014 (line# 0x00020000)
W 0x7fffefd4 (line# 0x03ffff7e)
I 0x00400018 (line# 0x00020000)
W 0x7fffefd8 (line# 0x03ffff7e)
I 0x0040001c (line# 0x00020000)
W 0x7fffefdc (line# 0x03ffff7e)
I 0x00400020 (line# 0x00020001)
R 0x00400024 (line# 0x00020001)
I 0x00400028 (line# 0x00020001)
R 0x0040002c (line# 0x00020001)
I 0x00400030 (line# 0x00020001)
I 0x00400034 (line# 0x00020001)
W 0x7fffefc4 (line# 0x03ffff7e)
I 0x00400038 (line# 0x00020001)
I 0x0040003c (line# 0x00020001)
W 0x7fffefbc (line# 0x03ffff7d)
I 0x00400040 (line# 0x00020002)
I 0x00400044 (line# 0x00020002)
W 0x7fffefc0 (line# 0x03ffff7e)
I 0x00400048 (line# 0x00020002)
I 0x004000e4 (line# 0x00020007)
I 0x004000e8 (line# 0x00020007)
R 0x004000ec (line# 0x00020007)
I 0x004000f0 (line# 0x00020007)
I 0x00400050 (line# 0x00020002)
R 0x00400054 (line# 0x00020002)
I 0x00400058 (line# 0x00020002)
R 0x0040005c (line# 0x00020002)
I 0x00400060 (line# 0x00020003)
I 0x00400064 (line# 0x00020003)
R 0x00400068 (line# 0x00020003)
I 0x0040006c (line# 0x00020003)
R 0x00400070 (line# 0x00020003)
I 0x00400074 (line# 0x00020003)
R 0x00400078 (line# 0x00020003)
I 0x0040007c (line# 0x00020003)
R 0x00400080 (line# 0x00020004)
I 0x00400084 (line# 0x00020004)
I 0x00400088 (line# 0x00020004)
W 0x7fffefc8 (line# 0x03ffff7e)
I 0x0040008c (line# 0x00020004)
R 0x00400090 (line# 0x00020004)
I 0x00400094 (line# 0x00020004)
R 0x00400098 (line# 0x00020004)
I 0x0040009c (line# 0x00020004)
R 0x004000a0 (line# 0x00020005)
I 0x004000a4 (line# 0x00020005)
R 0x004000a8 (line# 0x00020005)
I 0x004000ac (line# 0x00020005)
I 0x004000b0 (line# 0x00020005)
W 0x10010004 (line# 0x00800800)
I 0x004000b4 (line# 0x00020005)
R 0x004000b8 (line# 0x00020005)
I 0x004000bc (line# 0x00020005)
R 0x004000c0 (line# 0x00020006)
I 0x004000c4 (line# 0x00020006)
I 0x004000c8 (line# 0x00020006)
W 0x10010004 (line# 0x00800800)
I 0x004000cc (line# 0x00020006)
I 0x004000d0 (line# 0x00020006)
I 0x004000d4 (line# 0x00020006)
W 0x7fffefbc (line# 0x03ffff7d)
I 0x004000d8 (line# 0x00020006)
I 0x004000dc (line# 0x00020006)
I 0x004000e0 (line# 0x00020007)
W 0x7fffefc0 (line# 0x03ffff7e)
I 0x004000e4 (line# 0x00020007)
I 0x004000e8 (line# 0x00020007)
R 0x004000ec (line# 0x00020007)
I 0x004000f0 (line# 0x00020007)
I 0x00400050 (line# 0x00020002)
R 0x00400054 (line# 0x00020002)
I 0x00400058 (line# 0x00020002)
R 0x0040005c (line# 0x00020002)
I 0x00400060 (line# 0x00020003)
I 0x00400064 (line# 0x00020003)
R 0x00400068 (line# 0x00020003)
I 0x0040006c (line# 0x00020003)
R 0x00400070 (line# 0x00020003)
I 0x00400074 (line# 0x00020003)
R 0x00400078 (line# 0x00020003)
I 0x0040007c (line# 0x00020003)
R 0x00400080 (line# 0x00020004)
I 0x00400084 (line# 0x00020004)
I 0x00400088 (line# 0x00020004)
W 0x7fffefc8 (line# 0x03ffff7e)
I 0x0040008c (line# 0x00020004)
R 0x00400090 (line# 0x00020004)
I 0x00400094 (line# 0x00020004)
R 0x00400098 (line# 0x00020004)
I 0x0040009c (line# 0x00020004)
R 0x004000a0 (line# 0x00020005)
I 0x004000a4 (line# 0x00020005)
R 0x004000a8 (line# 0x00020005)
I 0x004000ac (line# 0x00020005)
I 0x004000b0 (line# 0x00020005)
W 0x10010008 (line# 0x00800800)
I 0x004000b4 (line# 0x00020005)
R 0x004000b8 (line# 0x00020005)
I 0x004000bc (line# 0x00020005)
R 0x004000c0 (line# 0x00020006)
I 0x004000c4 (line# 0x00020006)
I 0x004000c8 (line# 0x00020006)
W 0x10010008 (line# 0x00800800)
I 0x004000cc (line# 0x00020006)
I 0x004000d0 (line# 0x00020006)
I 0x004000d4 (line# 0x00020006)
W 0x7fffefbc (line# 0x03ffff7d)
I 0x004000d8 (line# 0x00020006)
I 0x004000dc (line# 0x00020006)
I 0x004000e0 (line# 0x00020007)
W 0x7fffefc0 (line# 0x03ffff7e)
I 0x004000e4 (line# 0x00020007)
I 0x004000e8 (line# 0x00020007)
R 0x004000ec (line# 0x00020007)
I 0x004000f0 (line# 0x00020007)
I 0x00400050 (line# 0x00020002)
R 0x00400054 (line# 0x00020002)
I 0x00400058 (line# 0x00020002)
R 0x0040005c (line# 0x00020002)
I 0x00400060 (line# 0x00020003)
I 0x00400064 (line# 0x00020003)
R 0x00400068 (line# 0x00020003)
I 0x0040006c (line# 0x00020003)
R 0x00400070 (line# 0x00020003)
I 0x00400074 (line# 0x00020003)
R 0x00400078 (line# 0x00020003)
I 0x0040007c (line# 0x00020003)
R 0x00400080 (line# 0x00020004)
I 0x00400084 (line# 0x00020004)
I 0x00400088 (line# 0x00020004)
W 0x7fffefc8 (line# 0x03ffff7e)
I 0x0040008c (line# 0x00020004)
R 0x00400090 (line# 0x00020004)
I 0x00400094 (line# 0x00020004)
R 0x00400098 (line# 0x00020004)
I 0x0040009c (line# 0x00020004)
R 0x004000a0 (line# 0x00020005)
I 0x004000a4 (line# 0x00020005)
R 0x004000a8 (line# 0x00020005)
I 0x004000ac (line# 0x00020005)
I 0x004000b0 (line# 0x00020005)
W 0x1001000c (line# 0x00800800)
I 0x004000b4 (line# 0x00020005)
R 0x004000b8 (line# 0x00020005)
I 0x004000bc (line# 0x00020005)
R 0x004000c0 (line# 0x00020006)
I 0x004000c4 (line# 0x00020006)
I 0x004000c8 (line# 0x00020006)
W 0x1001000c (line# 0x00800800)
I 0x004000cc (line# 0x00020006)
I 0x004000d0 (line# 0x00020006)
I 0x004000d4 (line# 0x00020006)
W 0x7fffefbc (line# 0x03ffff7d)
I 0x004000d8 (line# 0x00020006)
I 0x004000dc (line# 0x00020006)
I 0x004000e0 (line# 0x00020007)
W 0x7fffefc0 (line# 0x03ffff7e)
I 0x004000e4 (line# 0x00020007)
I 0x004000e8 (line# 0x00020007)
R 0x004000ec (line# 0x00020007)
I 0x004000f0 (line# 0x00020007)
I 0x00400050 (line# 0x00020002)
R 0x00400054 (line# 0x00020002)
I 0x00400058 (line# 0x00020002)
R 0x0040005c (line# 0x00020002)
I 0x00400060 (line# 0x00020003)
I 0x00400064 (line# 0x00020003)
R 0x00400068 (line# 0x00020003)
I 0x0040006c (line# 0x00020003)
R 0x00400070 (line# 0x00020003)
I 0x00400074 (line# 0x00020003)
R 0x00400078 (line# 0x00020003)
I 0x0040007c (line# 0x00020003)
R 0x00400080 (line# 0x00020004)
I 0x00400084 (line# 0x00020004)
I 0x00400088 (line# 0x00020004)
W 0x7fffefc8 (line# 0x03ffff7e)
I 0x0040008c (line# 0x00020004)
R 0x00400090 (line# 0x00020004)
I 0x00400094 (line# 0x00020004)
R 0x00400098 (line# 0x00020004)
I 0x0040009c (line# 0x00020004)
R 0x004000a0 (line# 0x00020005)
I 0x004000a4 (line# 0x00020005)
R 0x004000a8 (line# 0x00020005)
I 0x004000ac (line# 0x00020005)
I 0x004000b0 (line# 0x00020005)
W 0x10010010 (line# 0x00800800)
I 0x004000b4 (line# 0x00020005)
R 0x004000b8 (line# 0x00020005)
I 0x004000bc (line# 0x00020005)
R 0x004000c0 (line# 0x00020006)
I 0x004000c4 (line# 0x00020006)
I 0x004000c8 (line# 0x00020006)
W 0x10010010 (line# 0x00800800)
I 0x004000cc (line# 0x00020006)
I 0x004000d0 (line# 0x00020006)
I 0x004000d4 (line# 0x00020006)
W 0x7fffefbc (line# 0x03ffff7d)
I 0x004000d8 (line# 0x00020006)
I 0x004000dc (line# 0x00020006)
I 0x004000e0 (line# 0x00020007)
W 0x7fffefc0 (line# 0x03ffff7e)
I 0x004000e4 (line# 0x00020007)
I 0x004000e8 (line# 0x00020007)
R 0x004000ec (line# 0x00020007)
I 0x004000f0 (line# 0x00020007)
I 0x00400050 (line# 0x00020002)
R 0x00400054 (line# 0x00020002)
I 0x00400058 (line# 0x00020002)
R 0x0040005c (line# 0x00020002)
I 0x00400060 (line# 0x00020003)
I 0x00400064 (line# 0x00020003)
R 0x00400068 (line# 0x00020003)
I 0x0040006c (line# 0x00020003)
R 0x00400070 (line# 0x00020003)
I 0x00400074 (line# 0x00020003)
R 0x00400078 (line# 0x00020003)
I 0x0040007c (line# 0x00020003)
R 0x00400080 (line# 0x00020004)
I 0x00400084 (line# 0x00020004)
I 0x00400088 (line# 0x00020004)
W 0x7fffefc8 (line# 0x03ffff7e)
I 0x0040008c (line# 0x00020004)
R 0x00400090 (line# 0x00020004)
I 0x00400094 (line# 0x00020004)
R 0x00400098 (line# 0x00020004)
I 0x0040009c (line# 0x00020004)
R 0x004000a0 (line# 0x00020005)
I 0x004000a4 (line# 0x00020005)
R 0x004000a8 (line# 0x00020005)
I 0x004000ac (line# 0x00020005)
I 0x004000b0 (line# 0x00020005)
W 0x10010014 (line# 0x00800800)
I 0x004000b4 (line# 0x00020005)
R 0x004000b8 (line# 0x00020005)
I 0x004000bc (line# 0x00020005)
R 0x004000c0 (line# 0x00020006)
I 0x004000c4 (line# 0x00020006)
I 0x004000c8 (line# 0x00020006)
W 0x10010014 (line# 0x00800800)
I 0x004000cc (line# 0x00020006)
I 0x004000d0 (line# 0x00020006)
I 0x004000d4 (line# 0x00020006)
W 0x7fffefbc (line# 0x03ffff7d)
I 0x004000d8 (line# 0x00020006)
I 0x004000dc (line# 0x00020006)
I 0x004000e0 (line# 0x00020007)
W 0x7fffefc0 (line# 0x03ffff7e)
I 0x004000e4 (line# 0x00020007)
I 0x004000e8 (line# 0x00020007)
R 0x004000ec (line# 0x00020007)
I 0x004000f0 (line# 0x00020007)
I 0x00400050 (line# 0x00020002)
R 0x00400054 (line# 0x00020002)
I 0x00400058 (line# 0x00020002)
R 0x0040005c (line# 0x00020002)
I 0x00400060 (line# 0x00020003)
I 0x00400064 (line# 0x00020003)
R 0x00400068 (line# 0x00020003)
I 0x0040006c (line# 0x00020003)
R 0x00400070 (line# 0x00020003)
I 0x00400074 (line# 0x00020003)
R 0x00400078 (line# 0x00020003)
I 0x0040007c (line# 0x00020003)
R 0x00400080 (line# 0x00020004)
I 0x00400084 (line# 0x00020004)
I 0x00400088 (line# 0x00020004)
W 0x7fffefc8 (line# 0x03ffff7e)
I 0x0040008c (line# 0x00020004)
R 0x00400090 (line# 0x00020004)
I 0x00400094 (line# 0x00020004)
R 0x00400098 (line# 0x00020004)
I 0x0040009c (line# 0x00020004)
R 0x004000a0 (line# 0x00020005)
I 0x004000a4 (line# 0x00020005)
R 0x004000a8 (line# 0x00020005)
I 0x004000ac (line# 0x00020005)
I 0x004000b0 (line# 0x00020005)
W 0x10010018 (line# 0x00800800)
I 0x004000b4 (line# 0x00020005)
R 0x004000b8 (line# 0x00020005)
I 0x004000bc (line# 0x00020005)
R 0x004000c0 (line# 0x00020006)
I 0x004000c4 (line# 0x00020006)
I 0x004000c8 (line# 0x00020006)
W 0x10010018 (line# 0x00800800)
I 0x004000cc (line# 0x00020006)
I 0x004000d0 (line# 0x00020006)
I 0x004000d4 (line# 0x00020006)
W 0x7fffefbc (line# 0x03ffff7d)
I 0x004000d8 (line# 0x00020006)
I 0x004000dc (line# 0x00020006)
I 0x004000e0 (line# 0x00020007)
W 0x7fffefc0 (line# 0x03ffff7e)
I 0x004000e4 (line# 0x00020007)
I 0x004000e8 (line# 0x00020007)
R 0x004000ec (line# 0x00020007)
I 0x004000f0 (line# 0x00020007)
I 0x00400050 (line# 0x00020002)
R 0x00400054 (line# 0x00020002)
I 0x00400058 (line# 0x00020002)
R 0x0040005c (line# 0x00020002)
I 0x00400060 (line# 0x00020003)
I 0x00400064 (line# 0x00020003)
R 0x00400068 (line# 0x00020003)
I 0x0040006c (line# 0x00020003)
R 0x00400070 (line# 0x00020003)
I 0x00400074 (line# 0x00020003)
R 0x00400078 (line# 0x00020003)
I 0x0040007c (line# 0x00020003)
R 0x00400080 (line# 0x00020004)
I 0x00400084 (line# 0x00020004)
I 0x00400088 (line# 0x00020004)
W 0x7fffefc8 (line# 0x03ffff7e)
I 0x0040008c (line# 0x00020004)
R 0x00400090 (line# 0x00020004)
I 0x00400094 (line# 0x00020004)
R 0x00400098 (line# 0x00020004)
I 0x0040009c (line# 0x00020004)
R 0x004000a0 (line# 0x00020005)
I 0x004000a4 (line# 0x00020005)
R 0x004000a8 (line# 0x00020005)
I 0x004000ac (line# 0x00020005)
I 0x004000b0 (line# 0x00020005)
W 0x1001001c (line# 0x00800800)
I 0x004000b4 (line# 0x00020005)
R 0x004000b8 (line# 0x00020005)
I 0x004000bc (line# 0x00020005)
R 0x004000c0 (line# 0x00020006)
I 0x004000c4 (line# 0x00020006)
I 0x004000c8 (line# 0x00020006)
W 0x1001001c (line# 0x00800800)
I 0x004000cc (line# 0x00020006)
I 0x004000d0 (line# 0x00020006)
I 0x004000d4 (line# 0x00020006)
W 0x7fffefbc (line# 0x03ffff7d)
I 0x004000d8 (line# 0x00020006)
I 0x004000dc (line# 0x00020006)
I 0x004000e0 (line# 0x00020007)
W 0x7fffefc0 (line# 0x03ffff7e)
I 0x004000e4 (line# 0x00020007)
I 0x004000e8 (line# 0x00020007)
R 0x004000ec (line# 0x00020007)
I 0x004000f0 (line# 0x00020007)
I 0x00400050 (line# 0x00020002)
R 0x00400054 (line# 0x00020002)
I 0x00400058 (line# 0x00020002)
R 0x0040005c (line# 0x00020002)
I 0x00400060 (line# 0x00020003)
I 0x00400064 (line# 0x00020003)
R 0x00400068 (line# 0x00020003)
I 0x0040006c (line# 0x00020003)
R 0x00400070 (line# 0x00020003)
I 0x00400074 (line# 0x00020003)
R 0x00400078 (line# 0x00020003)
I 0x0040007c (line# 0x00020003)
R 0x00400080 (line# 0x00020004)
I 0x00400084 (line# 0x00020004)
I 0x00400088 (line# 0x00020004)
W 0x7fffefc8 (line# 0x03ffff7e)
I 0x0040008c (line# 0x00020004)
R 0x00400090 (line# 0x00020004)
I 0x00400094 (line# 0x00020004)
R 0x00400098 (line# 0x00020004)
I 0x0040009c (line# 0x00020004)
R 0x004000a0 (line# 0x00020005)
I 0x004000a4 (line# 0x00020005)
R 0x004000a8 (line# 0x00020005)
I 0x004000ac (line# 0x00020005)
I 0x004000b0 (line# 0x00020005)
W 0x10010020 (line# 0x00800801)
I 0x004000b4 (line# 0x00020005)
R 0x004000b8 (line# 0x00020005)
I 0x004000bc (line# 0x00020005)
R 0x004000c0 (line# 0x00020006)
I 0x004000c4 (line# 0x00020006)
I 0x004000c8 (line# 0x00020006)
W 0x10010020 (line# 0x00800801)
I 0x004000cc (line# 0x00020006)
I 0x004000d0 (line# 0x00020006)
I 0x004000d4 (line# 0x00020006)
W 0x7fffefbc (line# 0x03ffff7d)
I 0x004000d8 (line# 0x00020006)
I 0x004000dc (line# 0x00020006)
I 0x004000e0 (line# 0x00020007)
W 0x7fffefc0 (line# 0x03ffff7e)
I 0x004000e4 (line# 0x00020007)
I 0x004000e8 (line# 0x00020007)
R 0x004000ec (line# 0x00020007)
I 0x004000f0 (line# 0x00020007)
I 0x00400050 (line# 0x00020002)
R 0x00400054 (line# 0x00020002)
I 0x00400058 (line# 0x00020002)
R 0x0040005c (line# 0x00020002)
I 0x00400060 (line# 0x00020003)
I 0x00400064 (line# 0x00020003)
R 0x00400068 (line# 0x00020003)
I 0x0040006c (line# 0x00020003)
R 0x00400070 (line# 0x00020003)
I 0x00400074 (line# 0x00020003)
R 0x00400078 (line# 0x00020003)
I 0x0040007c (line# 0x00020003)
R 0x00400080 (line# 0x00020004)
I 0x00400084 (line# 0x00020004)
I 0x00400088 (line# 0x00020004)
W 0x7fffefc8 (line# 0x03ffff7e)
I 0x0040008c (line# 0x00020004)
R 0x00400090 (line# 0x00020004)
I 0x00400094 (line# 0x00020004)
R 0x00400098 (line# 0x00020004)
I 0x0040009c (line# 0x00020004)
R 0x004000a0 (line# 0x00020005)
I 0x004000a4 (line# 0x00020005)
R 0x004000a8 (line# 0x00020005)
I 0x004000ac (line# 0x00020005)
I 0x004000b0 (line# 0x00020005)
W 0x10010024 (line# 0x00800801)
I 0x004000b4 (line# 0x00020005)
R 0x004000b8 (line# 0x00020005)
I 0x004000bc (line# 0x00020005)
R 0x004000c0 (line# 0x00020006)
I 0x004000c4 (line# 0x00020006)
I 0x004000c8 (line# 0x00020006)
W 0x10010024 (line# 0x00800801)
I 0x004000cc (line# 0x00020006)
I 0x004000d0 (line# 0x00020006)
I 0x004000d4 (line# 0x00020006)
W 0x7fffefbc (line# 0x03ffff7d)
I 0x004000d8 (line# 0x00020006)
I 0x004000dc (line# 0x00020006)
I 0x004000e0 (line# 0x00020007)
W 0x7fffefc0 (line# 0x03ffff7e)
I 0x004000e4 (line# 0x00020007)
I 0x004000e8 (line# 0x00020007)
R 0x004000ec (line# 0x00020007)
I 0x004000f0 (line# 0x00020007)
I 0x00400050 (line# 0x00020002)
R 0x00400054 (line# 0x00020002)
I 0x00400058 (line# 0x00020002)
R 0x0040005c (line# 0x00020002)
I 0x00400060 (line# 0x00020003)
I 0x00400064 (line# 0x00020003)
R 0x00400068 (line# 0x00020003)
I 0x0040006c (line# 0x00020003)
R 0x00400070 (line# 0x00020003)
I 0x00400074 (line# 0x00020003)
R 0x00400078 (line# 0x00020003)
I 0x0040007c (line# 0x00020003)
R 0x00400080 (line# 0x00020004)
I 0x00400084 (line# 0x00020004)
I 0x00400088 (line# 0x00020004)
W 0x7fffefc8 (line# 0x03ffff7e)
I 0x0040008c (line# 0x00020004)
R 0x00400090 (line# 0x00020004)
I 0x00400094 (line# 0x00020004)
R 0x00400098 (line# 0x00020004)
I 0x0040009c (line# 0x00020004)
R 0x004000a0 (line# 0x00020005)
I 0x004000a4 (line# 0x00020005)
R 0x004000a8 (line# 0x00020005)
I 0x004000ac (line# 0x00020005)
I 0x004000b0 (line# 0x00020005)
W 0x10010028 (line# 0x00800801)
I 0x004000b4 (line# 0x00020005)
R 0x004000b8 (line# 0x00020005)
I 0x004000bc (line# 0x00020005)
R 0x004000c0 (line# 0x00020006)
I 0x004000c4 (line# 0x00020006)
I 0x004000c8 (line# 0x00020006)
W 0x10010028 (line# 0x00800801)
I 0x004000cc (line# 0x00020006)
I 0x004000d0 (line# 0x00020006)
I 0x004000d4 (line# 0x00020006)
W 0x7fffefbc (line# 0x03ffff7d)
I 0x004000d8 (line# 0x00020006)
I 0x004000dc (line# 0x00020006)
I 0x004000e0 (line# 0x00020007)
W 0x7fffefc0 (line# 0x03ffff7e)
I 0x004000e4 (line# 0x00020007)
I 0x004000e8 (line# 0x00020007)
R 0x004000ec (line# 0x00020007)
I 0x004000f0 (line# 0x00020007)
R 0x004000f4 (line# 0x00020007)
I 0x004000f8 (line# 0x00020007)
R 0x004000fc (line# 0x00020007)
I 0x00400100 (line# 0x00020008)
R 0x00400104 (line# 0x00020008)
I 0x00400108 (line# 0x00020008)
I 0x0040010c (line# 0x00020008)
W 0x7fffefc8 (line# 0x03ffff7e)
I 0x00400110 (line# 0x00020008)
R 0x00400114 (line# 0x00020008)
I 0x00400118 (line# 0x00020008)
R 0x0040011c (line# 0x00020008)
I 0x00400120 (line# 0x00020009)
R 0x00400124 (line# 0x00020009)
I 0x00400128 (line# 0x00020009)
R 0x0040012c (line# 0x00020009)
I 0x00400130 (line# 0x00020009)
I 0x00400134 (line# 0x00020009)
W 0x1001002c (line# 0x00800801)
I 0x00400138 (line# 0x00020009)
R 0x0040013c (line# 0x00020009)
I 0x00400140 (line# 0x0002000a)
R 0x00400144 (line# 0x0002000a)
I 0x00400148 (line# 0x0002000a)
I 0x0040014c (line# 0x0002000a)
W 0x1001002c (line# 0x00800801)
I 0x00400150 (line# 0x0002000a)
R 0x00400154 (line# 0x0002000a)
I 0x00400158 (line# 0x0002000a)
I 0x0040015c (line# 0x0002000a)
R 0x00400160 (line# 0x0002000b)
I 0x004001ac (line# 0x0002000d)
W 0x7fffefec (line# 0x03ffff7f)
I 0x004001b0 (line# 0x0002000d)
I 0x004001b4 (line# 0x0002000d)
R 0x004001b8 (line# 0x0002000d)
I 0x004001bc (line# 0x0002000d)
I 0x004001c0 (line# 0x0002000e)
J 0x004001c4 (line# 0x0002000e)
I 0x00400168 (line# 0x0002000b)
I 0x0040016c (line# 0x0002000b)
W 0x7fffefd0 (line# 0x03ffff7e)
I 0x00400170 (line# 0x0002000b)
W 0x7fffefcc (line# 0x03ffff7e)
R 0x00400174 (line# 0x0002000b)
I 0x00400178 (line# 0x0002000b)
W 0x7fffefd4 (line# 0x03ffff7e)
I 0x0040017c (line# 0x0002000b)
W 0x7fffefd8 (line# 0x03ffff7e)
I 0x00400180 (line# 0x0002000c)
W 0x7fffefdc (line# 0x03ffff7e)
I 0x00400184 (line# 0x0002000c)
I 0x00400188 (line# 0x0002000c)
R 0x0040018c (line# 0x0002000c)
I 0x00400190 (line# 0x0002000c)
R 0x00400194 (line# 0x0002000c)
I 0x00400198 (line# 0x0002000c)
I 0x0040019c (line# 0x0002000c)
I 0x004001a0 (line# 0x0002000d)
J 0x004001a4 (line# 0x0002000d)
I 0x00400008 (line# 0x00020000)
I 0x0040000c (line# 0x00020000)
W 0x7fffefa8 (line# 0x03ffff7d)
R 0x00400010 (line# 0x00020000)
I 0x00400014 (line# 0x00020000)
W 0x7fffefac (line# 0x03ffff7d)
I 0x00400018 (line# 0x00020000)
W 0x7fffefb0 (line# 0x03ffff7d)
I 0x0040001c (line# 0x00020000)
W 0x7fffefb4 (line# 0x03ffff7d)
I 0x00400020 (line# 0x00020001)
R 0x00400024 (line# 0x00020001)
I 0x00400028 (line# 0x00020001)
R 0x0040002c (line# 0x00020001)
I 0x00400030 (line# 0x00020001)
I 0x00400034 (line# 0x00020001)
W 0x7fffef9c (line# 0x03ffff7c)
I 0x00400038 (line# 0x00020001)
I 0x0040003c (line# 0x00020001)
W 0x7fffef94 (line# 0x03ffff7c)
I 0x00400040 (line# 0x00020002)
I 0x00400044 (line# 0x00020002)
W 0x7fffef98 (line# 0x03ffff7c)
I 0x00400048 (line# 0x00020002)
I 0x004000e4 (line# 0x00020007)
I 0x004000e8 (line# 0x00020007)
R 0x004000ec (line# 0x00020007)
I 0x004000f0 (line# 0x00020007)
I 0x00400050 (line# 0x00020002)
R 0x00400054 (line# 0x00020002)
I 0x00400058 (line# 0x00020002)
R 0x0040005c (line# 0x00020002)
I 0x00400060 (line# 0x00020003)
I 0x00400064 (line# 0x00020003)
R 0x00400068 (line# 0x00020003)
I 0x0040006c (line# 0x00020003)
R 0x00400070 (line# 0x00020003)
I 0x00400074 (line# 0x00020003)
R 0x00400078 (line# 0x00020003)
I 0x0040007c (line# 0x00020003)
R 0x00400080 (line# 0x00020004)
I 0x00400084 (line# 0x00020004)
I 0x00400088 (line# 0x00020004)
W 0x7fffefa0 (line# 0x03ffff7d)
I 0x0040008c (line# 0x00020004)
R 0x00400090 (line# 0x00020004)
I 0x00400094 (line# 0x00020004)
R 0x00400098 (line# 0x00020004)
I 0x0040009c (line# 0x00020004)
R 0x004000a0 (line# 0x00020005)
I 0x004000a4 (line# 0x00020005)
R 0x004000a8 (line# 0x00020005)
I 0x004000ac (line# 0x00020005)
I 0x004000b0 (line# 0x00020005)
W 0x10010004 (line# 0x00800800)
I 0x004000b4 (line# 0x00020005)
R 0x004000b8 (line# 0x00020005)
I 0x004000bc (line# 0x00020005)
R 0x004000c0 (line# 0x00020006)
I 0x004000c4 (line# 0x00020006)
I 0x004000c8 (line# 0x00020006)
W 0x10010004 (line# 0x00800800)
I 0x004000cc (line# 0x00020006)
I 0x004000d0 (line# 0x00020006)
I 0x004000d4 (line# 0x00020006)
W 0x7fffef94 (line# 0x03ffff7c)
I 0x004000d8 (line# 0x00020006)
I 0x004000dc (line# 0x00020006)
I 0x004000e0 (line# 0x00020007)
W 0x7fffef98 (line# 0x03ffff7c)
I 0x004000e4 (line# 0x00020007)
I 0x004000e8 (line# 0x00020007)
R 0x004000ec (line# 0x00020007)
I 0x004000f0 (line# 0x00020007)
I 0x00400050 (line# 0x00020002)
R 0x00400054 (line# 0x00020002)
I 0x00400058 (line# 0x00020002)
R 0x0040005c (line# 0x00020002)
I 0x00400060 (line# 0x00020003)
I 0x00400064 (line# 0x00020003)
R 0x00400068 (line# 0x00020003)
I 0x0040006c (line# 0x00020003)
R 0x00400070 (line# 0x00020003)
I 0x00400074 (line# 0x00020003)
R 0x00400078 (line# 0x00020003)
I 0x0040007c (line# 0x00020003)
R 0x00400080 (line# 0x00020004)
I 0x00400084 (line# 0x00020004)
I 0x00400088 (line# 0x00020004)
W 0x7fffefa0 (line# 0x03ffff7d)
I 0x0040008c (line# 0x00020004)
R 0x00400090 (line# 0x00020004)
I 0x00400094 (line# 0x00020004)
R 0x00400098 (line# 0x00020004)
I 0x0040009c (line# 0x00020004)
R 0x004000a0 (line# 0x00020005)
I 0x004000a4 (line# 0x00020005)
R 0x004000a8 (line# 0x00020005)
I 0x004000ac (line# 0x00020005)
I 0x004000b0 (line# 0x00020005)
W 0x10010008 (line# 0x00800800)
I 0x004000b4 (line# 0x00020005)
R 0x004000b8 (line# 0x00020005)
I 0x004000bc (line# 0x00020005)
R 0x004000c0 (line# 0x00020006)
I 0x004000c4 (line# 0x00020006)
I 0x004000c8 (line# 0x00020006)
W 0x10010008 (line# 0x00800800)
I 0x004000cc (line# 0x00020006)
I 0x004000d0 (line# 0x00020006)
I 0x004000d4 (line# 0x00020006)
W 0x7fffef94 (line# 0x03ffff7c)
I 0x004000d8 (line# 0x00020006)
I 0x004000dc (line# 0x00020006)
I 0x004000e0 (line# 0x00020007)
W 0x7fffef98 (line# 0x03ffff7c)
I 0x004000e4 (line# 0x00020007)
I 0x004000e8 (line# 0x00020007)
R 0x004000ec (line# 0x00020007)
I 0x004000f0 (line# 0x00020007)
I 0x00400050 (line# 0x00020002)
R 0x00400054 (line# 0x00020002)
I 0x00400058 (line# 0x00020002)
R 0x0040005c (line# 0x00020002)
I 0x00400060 (line# 0x00020003)
I 0x00400064 (line# 0x00020003)
R 0x00400068 (line# 0x00020003)
I 0x0040006c (line# 0x00020003)
R 0x00400070 (line# 0x00020003)
I 0x00400074 (line# 0x00020003)
R 0x00400078 (line# 0x00020003)
I 0x0040007c (line# 0x00020003)
R 0x00400080 (line# 0x00020004)
I 0x00400084 (line# 0x00020004)
I 0x00400088 (line# 0x00020004)
W 0x7fffefa0 (line# 0x03ffff7d)
I 0x0040008c (line# 0x00020004)
R 0x00400090 (line# 0x00020004)
I 0x00400094 (line# 0x00020004)
R 0x00400098 (line# 0x00020004)
I 0x0040009c (line# 0x00020004)
R 0x004000a0 (line# 0x00020005)
I 0x004000a4 (line# 0x00020005)
R 0x004000a8 (line# 0x00020005)
I 0x004000ac (line# 0x00020005)
I 0x004000b0 (line# 0x00020005)
W 0x1001000c (line# 0x00800800)
I 0x004000b4 (line# 0x00020005)
R 0x004000b8 (line# 0x00020005)
I 0x004000bc (line# 0x00020005)
R 0x004000c0 (line# 0x00020006)
I 0x004000c4 (line# 0x00020006)
I 0x004000c8 (line# 0x00020006)
W 0x1001000c (line# 0x00800800)
I 0x004000cc (line# 0x00020006)
I 0x004000d0 (line# 0x00020006)
I 0x004000d4 (line# 0x00020006)
W 0x7fffef94 (line# 0x03ffff7c)
I 0x004000d8 (line# 0x00020006)
I 0x004000dc (line# 0x00020006)
I 0x004000e0 (line# 0x00020007)
W 0x7fffef98 (line# 0x03ffff7c)
I 0x004000e4 (line# 0x00020007)
I 0x004000e8 (line# 0x00020007)
R 0x004000ec (line# 0x00020007)
I 0x004000f0 (line# 0x00020007)
I 0x00400050 (line# 0x00020002)
R 0x00400054 (line# 0x00020002)
I 0x00400058 (line# 0x00020002)
R 0x0040005c (line# 0x00020002)
I 0x00400060 (line# 0x00020003)
I 0x00400064 (line# 0x00020003)
R 0x00400068 (line# 0x00020003)
I 0x0040006c (line# 0x00020003)
I 0x004000d8 (line# 0x00020006)
I 0x004000dc (line# 0x00020006)
I 0x004000e0 (line# 0x00020007)
W 0x7fffef98 (line# 0x03ffff7c)
I 0x004000e4 (line# 0x00020007)
I 0x004000e8 (line# 0x00020007)
R 0x004000ec (line# 0x00020007)
I 0x004000f0 (line# 0x00020007)
I 0x00400050 (line# 0x00020002)
R 0x00400054 (line# 0x00020002)
I 0x00400058 (line# 0x00020002)
R 0x0040005c (line# 0x00020002)
I 0x00400060 (line# 0x00020003)
I 0x00400064 (line# 0x00020003)
R 0x00400068 (line# 0x00020003)
I 0x0040006c (line# 0x00020003)
I 0x004000d8 (line# 0x00020006)
I 0x004000dc (line# 0x00020006)
I 0x004000e0 (line# 0x00020007)
W 0x7fffef98 (line# 0x03ffff7c)
I 0x004000e4 (line# 0x00020007)
I 0x004000e8 (line# 0x00020007)
R 0x004000ec (line# 0x00020007)
I 0x004000f0 (line# 0x00020007)
I 0x00400050 (line# 0x00020002)
R 0x00400054 (line# 0x00020002)
I 0x00400058 (line# 0x00020002)
R 0x0040005c (line# 0x00020002)
I 0x00400060 (line# 0x00020003)
I 0x00400064 (line# 0x00020003)
R 0x00400068 (line# 0x00020003)
I 0x0040006c (line# 0x00020003)
I 0x004000d8 (line# 0x00020006)
I 0x004000dc (line# 0x00020006)
I 0x004000e0 (line# 0x00020007)
W 0x7fffef98 (line# 0x03ffff7c)
I 0x004000e4 (line# 0x00020007)
I 0x004000e8 (line# 0x00020007)
R 0x004000ec (line# 0x00020007)
I 0x004000f0 (line# 0x00020007)
I 0x00400050 (line# 0x00020002)
R 0x00400054 (line# 0x00020002)
I 0x00400058 (line# 0x00020002)
R 0x0040005c (line# 0x00020002)
I 0x00400060 (line# 0x00020003)
I 0x00400064 (line# 0x00020003)
R 0x00400068 (line# 0x00020003)
I 0x0040006c (line# 0x00020003)
R 0x00400070 (line# 0x00020003)
I 0x00400074 (line# 0x00020003)
R 0x00400078 (line# 0x00020003)
I 0x0040007c (line# 0x00020003)
R 0x00400080 (line# 0x00020004)
I 0x00400084 (line# 0x00020004)
I 0x00400088 (line# 0x00020004)
W 0x7fffefa0 (line# 0x03ffff7d)
I 0x0040008c (line# 0x00020004)
R 0x00400090 (line# 0x00020004)
I 0x00400094 (line# 0x00020004)
R 0x00400098 (line# 0x00020004)
I 0x0040009c (line# 0x00020004)
R 0x004000a0 (line# 0x00020005)
I 0x004000a4 (line# 0x00020005)
R 0x004000a8 (line# 0x00020005)
I 0x004000ac (line# 0x00020005)
I 0x004000b0 (line# 0x00020005)
W 0x10010010 (line# 0x00800800)
I 0x004000b4 (line# 0x00020005)
R 0x004000b8 (line# 0x00020005)
I 0x004000bc (line# 0x00020005)
R 0x004000c0 (line# 0x00020006)
I 0x004000c4 (line# 0x00020006)
I 0x004000c8 (line# 0x00020006)
W 0x1001001c (line# 0x00800800)
I 0x004000cc (line# 0x00020006)
I 0x004000d0 (line# 0x00020006)
I 0x004000d4 (line# 0x00020006)
W 0x7fffef94 (line# 0x03ffff7c)
I 0x004000d8 (line# 0x00020006)
I 0x004000dc (line# 0x00020006)
I 0x004000e0 (line# 0x00020007)
W 0x7fffef98 (line# 0x03ffff7c)
I 0x004000e4 (line# 0x00020007)
I 0x004000e8 (line# 0x00020007)
R 0x004000ec (line# 0x00020007)
I 0x004000f0 (line# 0x00020007)
I 0x00400050 (line# 0x00020002)
R 0x00400054 (line# 0x00020002)
I 0x00400058 (line# 0x00020002)
R 0x0040005c (line# 0x00020002)
I 0x00400060 (line# 0x00020003)
I 0x00400064 (line# 0x00020003)
R 0x00400068 (line# 0x00020003)
I 0x0040006c (line# 0x00020003)
R 0x00400070 (line# 0x00020003)
I 0x00400074 (line# 0x00020003)
R 0x00400078 (line# 0x00020003)
I 0x0040007c (line# 0x00020003)
R 0x00400080 (line# 0x00020004)
I 0x00400084 (line# 0x00020004)
I 0x00400088 (line# 0x00020004)
W 0x7fffefa0 (line# 0x03ffff7d)
I 0x0040008c (line# 0x00020004)
R 0x00400090 (line# 0x00020004)
I 0x00400094 (line# 0x00020004)
R 0x00400098 (line# 0x00020004)
I 0x0040009c (line# 0x00020004)
R 0x004000a0 (line# 0x00020005)
I 0x004000a4 (line# 0x00020005)
R 0x004000a8 (line# 0x00020005)
I 0x004000ac (line# 0x00020005)
I 0x004000b0 (line# 0x00020005)
W 0x10010014 (line# 0x00800800)
I 0x004000b4 (line# 0x00020005)
R 0x004000b8 (line# 0x00020005)
I 0x004000bc (line# 0x00020005)
R 0x004000c0 (line# 0x00020006)
I 0x004000c4 (line# 0x00020006)
I 0x004000c8 (line# 0x00020006)
W 0x10010020 (line# 0x00800801)
I 0x004000cc (line# 0x00020006)
I 0x004000d0 (line# 0x00020006)
I 0x004000d4 (line# 0x00020006)
W 0x7fffef94 (line# 0x03ffff7c)
I 0x004000d8 (line# 0x00020006)
I 0x004000dc (line# 0x00020006)
I 0x004000e0 (line# 0x00020007)
W 0x7fffef98 (line# 0x03ffff7c)
I 0x004000e4 (line# 0x00020007)
I 0x004000e8 (line# 0x00020007)
R 0x004000ec (line# 0x00020007)
I 0x004000f0 (line# 0x00020007)
I 0x00400050 (line# 0x00020002)
R 0x00400054 (line# 0x00020002)
I 0x00400058 (line# 0x00020002)
R 0x0040005c (line# 0x00020002)
I 0x00400060 (line# 0x00020003)
I 0x00400064 (line# 0x00020003)
R 0x00400068 (line# 0x00020003)
I 0x0040006c (line# 0x00020003)
R 0x00400070 (line# 0x00020003)
I 0x00400074 (line# 0x00020003)
R 0x00400078 (line# 0x00020003)
I 0x0040007c (line# 0x00020003)
R 0x00400080 (line# 0x00020004)
I 0x00400084 (line# 0x00020004)
I 0x00400088 (line# 0x00020004)
W 0x7fffefa0 (line# 0x03ffff7d)
I 0x0040008c (line# 0x00020004)
R 0x00400090 (line# 0x00020004)
I 0x00400094 (line# 0x00020004)
R 0x00400098 (line# 0x00020004)
I 0x0040009c (line# 0x00020004)
R 0x004000a0 (line# 0x00020005)
I 0x004000a4 (line# 0x00020005)
R 0x004000a8 (line# 0x00020005)
I 0x004000ac (line# 0x00020005)
I 0x004000b0 (line# 0x00020005)
W 0x10010018 (line# 0x00800800)
I 0x004000b4 (line# 0x00020005)
R 0x004000b8 (line# 0x00020005)
I 0x004000bc (line# 0x00020005)
R 0x004000c0 (line# 0x00020006)
I 0x004000c4 (line# 0x00020006)
I 0x004000c8 (line# 0x00020006)
W 0x10010024 (line# 0x00800801)
I 0x004000cc (line# 0x00020006)
I 0x004000d0 (line# 0x00020006)
I 0x004000d4 (line# 0x00020006)
W 0x7fffef94 (line# 0x03ffff7c)
I 0x004000d8 (line# 0x00020006)
I 0x004000dc (line# 0x00020006)
I 0x004000e0 (line# 0x00020007)
W 0x7fffef98 (line# 0x03ffff7c)
I 0x004000e4 (line# 0x00020007)
I 0x004000e8 (line# 0x00020007)
R 0x004000ec (line# 0x00020007)
I 0x004000f0 (line# 0x00020007)
R 0x004000f4 (line# 0x00020007)
I 0x004000f8 (line# 0x00020007)
R 0x004000fc (line# 0x00020007)
I 0x00400100 (line# 0x00020008)
R 0x00400104 (line# 0x00020008)
I 0x00400108 (line# 0x00020008)
I 0x0040010c (line# 0x00020008)
W 0x7fffefa0 (line# 0x03ffff7d)
I 0x00400110 (line# 0x00020008)
R 0x00400114 (line# 0x00020008)
I 0x00400118 (line# 0x00020008)
R 0x0040011c (line# 0x00020008)
I 0x00400120 (line# 0x00020009)
R 0x00400124 (line# 0x00020009)
I 0x00400128 (line# 0x00020009)
R 0x0040012c (line# 0x00020009)
I 0x00400130 (line# 0x00020009)
I 0x00400134 (line# 0x00020009)
W 0x1001001c (line# 0x00800800)
I 0x00400138 (line# 0x00020009)
R 0x0040013c (line# 0x00020009)
I 0x00400140 (line# 0x0002000a)
R 0x00400144 (line# 0x0002000a)
I 0x00400148 (line# 0x0002000a)
I 0x0040014c (line# 0x0002000a)
W 0x10010028 (line# 0x00800801)
I 0x00400150 (line# 0x0002000a)
R 0x00400154 (line# 0x0002000a)
I 0x00400158 (line# 0x0002000a)
I 0x0040015c (line# 0x0002000a)
R 0x00400160 (line# 0x0002000b)
I 0x004001ac (line# 0x0002000d)
W 0x7fffefc4 (line# 0x03ffff7e)
I 0x004001b0 (line# 0x0002000d)
I 0x004001b4 (line# 0x0002000d)
R 0x004001b8 (line# 0x0002000d)
I 0x004001bc (line# 0x0002000d)
I 0x004001c0 (line# 0x0002000e)
J 0x004001c4 (line# 0x0002000e)
I 0x00400168 (line# 0x0002000b)
I 0x0040016c (line# 0x0002000b)
W 0x7fffefa8 (line# 0x03ffff7d)
I 0x00400170 (line# 0x0002000b)
W 0x7fffefa4 (line# 0x03ffff7d)
R 0x00400174 (line# 0x0002000b)
I 0x00400178 (line# 0x0002000b)
W 0x7fffefac (line# 0x03ffff7d)
I 0x0040017c (line# 0x0002000b)
W 0x7fffefb0 (line# 0x03ffff7d)
I 0x00400180 (line# 0x0002000c)
W 0x7fffefb4 (line# 0x03ffff7d)
I 0x00400184 (line# 0x0002000c)
I 0x00400188 (line# 0x0002000c)
R 0x0040018c (line# 0x0002000c)
I 0x00400190 (line# 0x0002000c)
R 0x00400194 (line# 0x0002000c)
I 0x00400198 (line# 0x0002000c)
I 0x0040019c (line# 0x0002000c)
I 0x004001a0 (line# 0x0002000d)
J 0x004001a4 (line# 0x0002000d)
I 0x00400008 (line# 0x00020000)
I 0x0040000c (line# 0x00020000)
W 0x7fffef80 (line# 0x03ffff7c)
R 0x00400010 (line# 0x00020000)
I 0x00400014 (line# 0x00020000)
W 0x7fffef84 (line# 0x03ffff7c)
I 0x00400018 (line# 0x00020000)
W 0x7fffef88 (line# 0x03ffff7c)
I 0x0040001c (line# 0x00020000)
W 0x7fffef8c (line# 0x03ffff7c)
I 0x00400020 (line# 0x00020001)
R 0x00400024 (line# 0x00020001)
I 0x00400028 (line# 0x00020001)
R 0x0040002c (line# 0x00020001)
I 0x00400030 (line# 0x00020001)
I 0x00400034 (line# 0x00020001)
W 0x7fffef74 (line# 0x03ffff7b)
I 0x00400038 (line# 0x00020001)
I 0x0040003c (line# 0x00020001)
W 0x7fffef6c (line# 0x03ffff7b)
I 0x00400040 (line# 0x00020002)
I 0x00400044 (line# 0x00020002)
W 0x7fffef70 (line# 0x03ffff7b)
I 0x00400048 (line# 0x00020002)
I 0x004000e4 (line# 0x00020007)
I 0x004000e8 (line# 0x00020007)
R 0x004000ec (line# 0x00020007)
I 0x004000f0 (line# 0x00020007)
I 0x00400050 (line# 0x00020002)
R 0x00400054 (line# 0x00020002)
I 0x00400058 (line# 0x00020002)
R 0x0040005c (line# 0x00020002)
I 0x00400060 (line# 0x00020003)
I 0x00400064 (line# 0x00020003)
R 0x00400068 (line# 0x00020003)
I 0x0040006c (line# 0x00020003)
R 0x00400070 (line# 0x00020003)
I 0x00400074 (line# 0x00020003)
R 0x00400078 (line# 0x00020003)
I 0x0040007c (line# 0x00020003)
R 0x00400080 (line# 0x00020004)
I 0x00400084 (line# 0x00020004)
I 0x00400088 (line# 0x00020004)
W 0x7fffef78 (line# 0x03ffff7b)
I 0x0040008c (line# 0x00020004)
R 0x00400090 (line# 0x00020004)
I 0x00400094 (line# 0x00020004)
R 0x00400098 (line# 0x00020004)
I 0x0040009c (line# 0x00020004)
R 0x004000a0 (line# 0x00020005)
I 0x004000a4 (line# 0x00020005)
R 0x004000a8 (line# 0x00020005)
I 0x004000ac (line# 0x00020005)
I 0x004000b0 (line# 0x00020005)
W 0x10010004 (line# 0x00800800)
I 0x004000b4 (line# 0x00020005)
R 0x004000b8 (line# 0x00020005)
I 0x004000bc (line# 0x00020005)
R 0x004000c0 (line# 0x00020006)
I 0x004000c4 (line# 0x00020006)
I 0x004000c8 (line# 0x00020006)
W 0x10010004 (line# 0x00800800)
I 0x004000cc (line# 0x00020006)
I 0x004000d0 (line# 0x00020006)
I 0x004000d4 (line# 0x00020006)
W 0x7fffef6c (line# 0x03ffff7b)
I 0x004000d8 (line# 0x00020006)
I 0x004000dc (line# 0x00020006)
I 0x004000e0 (line# 0x00020007)
W 0x7fffef70 (line# 0x03ffff7b)
I 0x004000e4 (line# 0x00020007)
I 0x004000e8 (line# 0x00020007)
R 0x004000ec (line# 0x00020007)
I 0x004000f0 (line# 0x00020007)
I 0x00400050 (line# 0x00020002)
R 0x00400054 (line# 0x00020002)
I 0x00400058 (line# 0x00020002)
R 0x0040005c (line# 0x00020002)
I 0x00400060 (line# 0x00020003)
I 0x00400064 (line# 0x00020003)
R 0x00400068 (line# 0x00020003)
I 0x0040006c (line# 0x00020003)
R 0x00400070 (line# 0x00020003)
I 0x00400074 (line# 0x00020003)
R 0x00400078 (line# 0x00020003)
I 0x0040007c (line# 0x00020003)
R 0x00400080 (line# 0x00020004)
I 0x00400084 (line# 0x00020004)
I 0x00400088 (line# 0x00020004)
W 0x7fffef78 (line# 0x03ffff7b)
I 0x0040008c (line# 0x00020004)
R 0x00400090 (line# 0x00020004)
I 0x00400094 (line# 0x00020004)
R 0x00400098 (line# 0x00020004)
I 0x0040009c (line# 0x00020004)
R 0x004000a0 (line# 0x00020005)
I 0x004000a4 (line# 0x00020005)
R 0x004000a8 (line# 0x00020005)
I 0x004000ac (line# 0x00020005)
I 0x004000b0 (line# 0x00020005)
W 0x10010008 (line# 0x00800800)
I 0x004000b4 (line# 0x00020005)
R 0x004000b8 (line# 0x00020005)
I 0x004000bc (line# 0x00020005)
R 0x004000c0 (line# 0x00020006)
I 0x004000c4 (line# 0x00020006)
I 0x004000c8 (line# 0x00020006)
W 0x10010008 (line# 0x00800800)
I 0x004000cc (line# 0x00020006)
I 0x004000d0 (line# 0x00020006)
I 0x004000d4 (line# 0x00020006)
W 0x7fffef6c (line# 0x03ffff7b)
I 0x004000d8 (line# 0x00020006)
I 0x004000dc (line# 0x00020006)
I 0x004000e0 (line# 0x00020007)
W 0x7fffef70 (line# 0x03ffff7b)
I 0x004000e4 (line# 0x00020007)
I 0x004000e8 (line# 0x00020007)
R 0x004000ec (line# 0x00020007)
I 0x004000f0 (line# 0x00020007)
I 0x00400050 (line# 0x00020002)
R 0x00400054 (line# 0x00020002)
I 0x00400058 (line# 0x00020002)
R 0x0040005c (line# 0x00020002)
I 0x00400060 (line# 0x00020003)
I 0x00400064 (line# 0x00020003)
R 0x00400068 (line# 0x00020003)
I 0x0040006c (line# 0x00020003)
I 0x004000d8 (line# 0x00020006)
I 0x004000dc (line# 0x00020006)
I 0x004000e0 (line# 0x00020007)
W 0x7fffef70 (line# 0x03ffff7b)
I 0x004000e4 (line# 0x00020007)
I 0x004000e8 (line# 0x00020007)
R 0x004000ec (line# 0x00020007)
I 0x004000f0 (line# 0x00020007)
I 0x00400050 (line# 0x00020002)
R 0x00400054 (line# 0x00020002)
I 0x00400058 (line# 0x00020002)
R 0x0040005c (line# 0x00020002)
I 0x00400060 (line# 0x00020003)
I 0x00400064 (line# 0x00020003)
R 0x00400068 (line# 0x00020003)
I 0x0040006c (line# 0x00020003)
I 0x004000d8 (line# 0x00020006)
I 0x004000dc (line# 0x00020006)
I 0x004000e0 (line# 0x00020007)
W 0x7fffef70 (line# 0x03ffff7b)
I 0x004000e4 (line# 0x00020007)
I 0x004000e8 (line# 0x00020007)
R 0x004000ec (line# 0x00020007)
I 0x004000f0 (line# 0x00020007)
I 0x00400050 (line# 0x00020002)
R 0x00400054 (line# 0x00020002)
I 0x00400058 (line# 0x00020002)
R 0x0040005c (line# 0x00020002)
I 0x00400060 (line# 0x00020003)
I 0x00400064 (line# 0x00020003)
R 0x00400068 (line# 0x00020003)
I 0x0040006c (line# 0x00020003)
R 0x00400070 (line# 0x00020003)
I 0x00400074 (line# 0x00020003)
R 0x00400078 (line# 0x00020003)
I 0x0040007c (line# 0x00020003)
R 0x00400080 (line# 0x00020004)
I 0x00400084 (line# 0x00020004)
I 0x00400088 (line# 0x00020004)
W 0x7fffef78 (line# 0x03ffff7b)
I 0x0040008c (line# 0x00020004)
R 0x00400090 (line# 0x00020004)
I 0x00400094 (line# 0x00020004)
R 0x00400098 (line# 0x00020004)
I 0x0040009c (line# 0x00020004)
R 0x004000a0 (line# 0x00020005)
I 0x004000a4 (line# 0x00020005)
R 0x004000a8 (line# 0x00020005)
I 0x004000ac (line# 0x00020005)
I 0x004000b0 (line# 0x00020005)
W 0x1001000c (line# 0x00800800)
I 0x004000b4 (line# 0x00020005)
R 0x004000b8 (line# 0x00020005)
I 0x004000bc (line# 0x00020005)
R 0x004000c0 (line# 0x00020006)
I 0x004000c4 (line# 0x00020006)
I 0x004000c8 (line# 0x00020006)
W 0x10010014 (line# 0x00800800)
I 0x004000cc (line# 0x00020006)
I 0x004000d0 (line# 0x00020006)
I 0x004000d4 (line# 0x00020006)
W 0x7fffef6c (line# 0x03ffff7b)
I 0x004000d8 (line# 0x00020006)
I 0x004000dc (line# 0x00020006)
I 0x004000e0 (line# 0x00020007)
W 0x7fffef70 (line# 0x03ffff7b)
I 0x004000e4 (line# 0x00020007)
I 0x004000e8 (line# 0x00020007)
R 0x004000ec (line# 0x00020007)
I 0x004000f0 (line# 0x00020007)
R 0x004000f4 (line# 0x00020007)
I 0x004000f8 (line# 0x00020007)
R 0x004000fc (line# 0x00020007)
I 0x00400100 (line# 0x00020008)
R 0x00400104 (line# 0x00020008)
I 0x00400108 (line# 0x00020008)
I 0x0040010c (line# 0x00020008)
W 0x7fffef78 (line# 0x03ffff7b)
I 0x00400110 (line# 0x00020008)
R 0x00400114 (line# 0x00020008)
I 0x00400118 (line# 0x00020008)
R 0x0040011c (line# 0x00020008)
I 0x00400120 (line# 0x00020009)
R 0x00400124 (line# 0x00020009)
I 0x00400128 (line# 0x00020009)
R 0x0040012c (line# 0x00020009)
I 0x00400130 (line# 0x00020009)
I 0x00400134 (line# 0x00020009)
W 0x10010010 (line# 0x00800800)
I 0x00400138 (line# 0x00020009)
R 0x0040013c (line# 0x00020009)
I 0x00400140 (line# 0x0002000a)
R 0x00400144 (line# 0x0002000a)
I 0x00400148 (line# 0x0002000a)
I 0x0040014c (line# 0x0002000a)
W 0x10010018 (line# 0x00800800)
I 0x00400150 (line# 0x0002000a)
R 0x00400154 (line# 0x0002000a)
I 0x00400158 (line# 0x0002000a)
I 0x0040015c (line# 0x0002000a)
R 0x00400160 (line# 0x0002000b)
I 0x004001ac (line# 0x0002000d)
W 0x7fffef9c (line# 0x03ffff7c)
I 0x004001b0 (line# 0x0002000d)
I 0x004001b4 (line# 0x0002000d)
R 0x004001b8 (line# 0x0002000d)
I 0x004001bc (line# 0x0002000d)
I 0x004001c0 (line# 0x0002000e)
J 0x004001c4 (line# 0x0002000e)
I 0x00400168 (line# 0x0002000b)
I 0x0040016c (line# 0x0002000b)
W 0x7fffef80 (line# 0x03ffff7c)
I 0x00400170 (line# 0x0002000b)
W 0x7fffef7c (line# 0x03ffff7b)
R 0x00400174 (line# 0x0002000b)
I 0x00400178 (line# 0x0002000b)
W 0x7fffef84 (line# 0x03ffff7c)
I 0x0040017c (line# 0x0002000b)
W 0x7fffef88 (line# 0x03ffff7c)
I 0x00400180 (line# 0x0002000c)
W 0x7fffef8c (line# 0x03ffff7c)
I 0x00400184 (line# 0x0002000c)
I 0x00400188 (line# 0x0002000c)
R 0x0040018c (line# 0x0002000c)
I 0x00400190 (line# 0x0002000c)
R 0x00400194 (line# 0x0002000c)
I 0x00400198 (line# 0x0002000c)
I 0x0040019c (line# 0x0002000c)
I 0x004001a0 (line# 0x0002000d)
J 0x004001a4 (line# 0x0002000d)
I 0x00400008 (line# 0x00020000)
I 0x0040000c (line# 0x00020000)
W 0x7fffef58 (line# 0x03ffff7a)
R 0x00400010 (line# 0x00020000)
I 0x00400014 (line# 0x00020000)
W 0x7fffef5c (line# 0x03ffff7a)
I 0x00400018 (line# 0x00020000)
W 0x7fffef60 (line# 0x03ffff7b)
I 0x0040001c (line# 0x00020000)
W 0x7fffef64 (line# 0x03ffff7b)
I 0x00400020 (line# 0x00020001)
R 0x00400024 (line# 0x00020001)
I 0x00400028 (line# 0x00020001)
R 0x0040002c (line# 0x00020001)
I 0x00400030 (line# 0x00020001)
I 0x00400034 (line# 0x00020001)
W 0x7fffef4c (line# 0x03ffff7a)
I 0x00400038 (line# 0x00020001)
I 0x0040003c (line# 0x00020001)
W 0x7fffef44 (line# 0x03ffff7a)
I 0x00400040 (line# 0x00020002)
I 0x00400044 (line# 0x00020002)
W 0x7fffef48 (line# 0x03ffff7a)
I 0x00400048 (line# 0x00020002)
I 0x004000e4 (line# 0x00020007)
I 0x004000e8 (line# 0x00020007)
R 0x004000ec (line# 0x00020007)
I 0x004000f0 (line# 0x00020007)
I 0x00400050 (line# 0x00020002)
R 0x00400054 (line# 0x00020002)
I 0x00400058 (line# 0x00020002)
R 0x0040005c (line# 0x00020002)
I 0x00400060 (line# 0x00020003)
I 0x00400064 (line# 0x00020003)
R 0x00400068 (line# 0x00020003)
I 0x0040006c (line# 0x00020003)
I 0x004000d8 (line# 0x00020006)
I 0x004000dc (line# 0x00020006)
I 0x004000e0 (line# 0x00020007)
W 0x7fffef48 (line# 0x03ffff7a)
I 0x004000e4 (line# 0x00020007)
I 0x004000e8 (line# 0x00020007)
R 0x004000ec (line# 0x00020007)
I 0x004000f0 (line# 0x00020007)
I 0x00400050 (line# 0x00020002)
R 0x00400054 (line# 0x00020002)
I 0x00400058 (line# 0x00020002)
R 0x0040005c (line# 0x00020002)
I 0x00400060 (line# 0x00020003)
I 0x00400064 (line# 0x00020003)
R 0x00400068 (line# 0x00020003)
I 0x0040006c (line# 0x00020003)
I 0x004000d8 (line# 0x00020006)
I 0x004000dc (line# 0x00020006)
I 0x004000e0 (line# 0x00020007)
W 0x7fffef48 (line# 0x03ffff7a)
I 0x004000e4 (line# 0x00020007)
I 0x004000e8 (line# 0x00020007)
R 0x004000ec (line# 0x00020007)
I 0x004000f0 (line# 0x00020007)
R 0x004000f4 (line# 0x00020007)
I 0x004000f8 (line# 0x00020007)
R 0x004000fc (line# 0x00020007)
I 0x00400100 (line# 0x00020008)
R 0x00400104 (line# 0x00020008)
I 0x00400108 (line# 0x00020008)
I 0x0040010c (line# 0x00020008)
W 0x7fffef50 (line# 0x03ffff7a)
I 0x00400110 (line# 0x00020008)
R 0x00400114 (line# 0x00020008)
I 0x00400118 (line# 0x00020008)
R 0x0040011c (line# 0x00020008)
I 0x00400120 (line# 0x00020009)
R 0x00400124 (line# 0x00020009)
I 0x00400128 (line# 0x00020009)
R 0x0040012c (line# 0x00020009)
I 0x00400130 (line# 0x00020009)
I 0x00400134 (line# 0x00020009)
W 0x10010004 (line# 0x00800800)
I 0x00400138 (line# 0x00020009)
R 0x0040013c (line# 0x00020009)
I 0x00400140 (line# 0x0002000a)
R 0x00400144 (line# 0x0002000a)
I 0x00400148 (line# 0x0002000a)
I 0x0040014c (line# 0x0002000a)
W 0x1001000c (line# 0x00800800)
I 0x00400150 (line# 0x0002000a)
R 0x00400154 (line# 0x0002000a)
I 0x00400158 (line# 0x0002000a)
I 0x0040015c (line# 0x0002000a)
R 0x00400160 (line# 0x0002000b)
I 0x004001ac (line# 0x0002000d)
W 0x7fffef74 (line# 0x03ffff7b)
I 0x004001b0 (line# 0x0002000d)
I 0x004001b4 (line# 0x0002000d)
R 0x004001b8 (line# 0x0002000d)
I 0x004001bc (line# 0x0002000d)
I 0x004001c0 (line# 0x0002000e)
J 0x004001c4 (line# 0x0002000e)
I 0x00400168 (line# 0x0002000b)
I 0x0040016c (line# 0x0002000b)
W 0x7fffef58 (line# 0x03ffff7a)
I 0x00400170 (line# 0x0002000b)
W 0x7fffef54 (line# 0x03ffff7a)
R 0x00400174 (line# 0x0002000b)
I 0x00400178 (line# 0x0002000b)
W 0x7fffef5c (line# 0x03ffff7a)
I 0x0040017c (line# 0x0002000b)
W 0x7fffef60 (line# 0x03ffff7b)
I 0x00400180 (line# 0x0002000c)
W 0x7fffef64 (line# 0x03ffff7b)
I 0x00400184 (line# 0x0002000c)
I 0x00400188 (line# 0x0002000c)
R 0x0040018c (line# 0x0002000c)
I 0x00400190 (line# 0x0002000c)
R 0x004001e8 (line# 0x0002000f)
I 0x004001ec (line# 0x0002000f)
I 0x004001f0 (line# 0x0002000f)
I 0x004001f4 (line# 0x0002000f)
R 0x004001f8 (line# 0x0002000f)
I 0x004001cc (line# 0x0002000e)
I 0x004001d0 (line# 0x0002000e)
I 0x004001d4 (line# 0x0002000e)
R 0x004001d8 (line# 0x0002000e)
I 0x004001dc (line# 0x0002000e)
J 0x004001e0 (line# 0x0002000f)
I 0x00400168 (line# 0x0002000b)
I 0x0040016c (line# 0x0002000b)
W 0x7fffef58 (line# 0x03ffff7a)
I 0x00400170 (line# 0x0002000b)
W 0x7fffef54 (line# 0x03ffff7a)
R 0x00400174 (line# 0x0002000b)
I 0x00400178 (line# 0x0002000b)
W 0x7fffef5c (line# 0x03ffff7a)
I 0x0040017c (line# 0x0002000b)
W 0x7fffef60 (line# 0x03ffff7b)
I 0x00400180 (line# 0x0002000c)
W 0x7fffef64 (line# 0x03ffff7b)
I 0x00400184 (line# 0x0002000c)
I 0x00400188 (line# 0x0002000c)
R 0x0040018c (line# 0x0002000c)
I 0x00400190 (line# 0x0002000c)
R 0x00400194 (line# 0x0002000c)
I 0x00400198 (line# 0x0002000c)
I 0x0040019c (line# 0x0002000c)
I 0x004001a0 (line# 0x0002000d)
J 0x004001a4 (line# 0x0002000d)
I 0x00400008 (line# 0x00020000)
I 0x0040000c (line# 0x00020000)
W 0x7fffef30 (line# 0x03ffff79)
R 0x00400010 (line# 0x00020000)
I 0x00400014 (line# 0x00020000)
W 0x7fffef34 (line# 0x03ffff79)
I 0x00400018 (line# 0x00020000)
W 0x7fffef38 (line# 0x03ffff79)
I 0x0040001c (line# 0x00020000)
W 0x7fffef3c (line# 0x03ffff79)
I 0x00400020 (line# 0x00020001)
R 0x00400024 (line# 0x00020001)
I 0x00400028 (line# 0x00020001)
R 0x0040002c (line# 0x00020001)
I 0x00400030 (line# 0x00020001)
I 0x00400034 (line# 0x00020001)
W 0x7fffef24 (line# 0x03ffff79)
I 0x00400038 (line# 0x00020001)
I 0x0040003c (line# 0x00020001)
W 0x7fffef1c (line# 0x03ffff78)
I 0x00400040 (line# 0x00020002)
I 0x00400044 (line# 0x00020002)
W 0x7fffef20 (line# 0x03ffff79)
I 0x00400048 (line# 0x00020002)
I 0x004000e4 (line# 0x00020007)
I 0x004000e8 (line# 0x00020007)
R 0x004000ec (line# 0x00020007)
I 0x004000f0 (line# 0x00020007)
I 0x00400050 (line# 0x00020002)
R 0x00400054 (line# 0x00020002)
I 0x00400058 (line# 0x00020002)
R 0x0040005c (line# 0x00020002)
I 0x00400060 (line# 0x00020003)
I 0x00400064 (line# 0x00020003)
R 0x00400068 (line# 0x00020003)
I 0x0040006c (line# 0x00020003)
R 0x00400070 (line# 0x00020003)
I 0x00400074 (line# 0x00020003)
R 0x00400078 (line# 0x00020003)
I 0x0040007c (line# 0x00020003)
R 0x00400080 (line# 0x00020004)
I 0x00400084 (line# 0x00020004)
I 0x00400088 (line# 0x00020004)
W 0x7fffef28 (line# 0x03ffff79)
I 0x0040008c (line# 0x00020004)
R 0x00400090 (line# 0x00020004)
I 0x00400094 (line# 0x00020004)
R 0x00400098 (line# 0x00020004)
I 0x0040009c (line# 0x00020004)
R 0x004000a0 (line# 0x00020005)
I 0x004000a4 (line# 0x00020005)
R 0x004000a8 (line# 0x00020005)
I 0x004000ac (line# 0x00020005)
I 0x004000b0 (line# 0x00020005)
W 0x10010008 (line# 0x00800800)
I 0x004000b4 (line# 0x00020005)
R 0x004000b8 (line# 0x00020005)
I 0x004000bc (line# 0x00020005)
R 0x004000c0 (line# 0x00020006)
I 0x004000c4 (line# 0x00020006)
I 0x004000c8 (line# 0x00020006)
W 0x10010008 (line# 0x00800800)
I 0x004000cc (line# 0x00020006)
I 0x004000d0 (line# 0x00020006)
I 0x004000d4 (line# 0x00020006)
W 0x7fffef1c (line# 0x03ffff78)
I 0x004000d8 (line# 0x00020006)
I 0x004000dc (line# 0x00020006)
I 0x004000e0 (line# 0x00020007)
W 0x7fffef20 (line# 0x03ffff79)
I 0x004000e4 (line# 0x00020007)
I 0x004000e8 (line# 0x00020007)
R 0x004000ec (line# 0x00020007)
I 0x004000f0 (line# 0x00020007)
R 0x004000f4 (line# 0x00020007)
I 0x004000f8 (line# 0x00020007)
R 0x004000fc (line# 0x00020007)
I 0x00400100 (line# 0x00020008)
R 0x00400104 (line# 0x00020008)
I 0x00400108 (line# 0x00020008)
I 0x0040010c (line# 0x00020008)
W 0x7fffef28 (line# 0x03ffff79)
I 0x00400110 (line# 0x00020008)
R 0x00400114 (line# 0x00020008)
I 0x00400118 (line# 0x00020008)
R 0x0040011c (line# 0x00020008)
I 0x00400120 (line# 0x00020009)
R 0x00400124 (line# 0x00020009)
I 0x00400128 (line# 0x00020009)
R 0x0040012c (line# 0x00020009)
I 0x00400130 (line# 0x00020009)
I 0x00400134 (line# 0x00020009)
W 0x1001000c (line# 0x00800800)
I 0x00400138 (line# 0x00020009)
R 0x0040013c (line# 0x00020009)
I 0x00400140 (line# 0x0002000a)
R 0x00400144 (line# 0x0002000a)
I 0x00400148 (line# 0x0002000a)
I 0x0040014c (line# 0x0002000a)
W 0x1001000c (line# 0x00800800)
I 0x00400150 (line# 0x0002000a)
R 0x00400154 (line# 0x0002000a)
I 0x00400158 (line# 0x0002000a)
I 0x0040015c (line# 0x0002000a)
R 0x00400160 (line# 0x0002000b)
I 0x004001ac (line# 0x0002000d)
W 0x7fffef4c (line# 0x03ffff7a)
I 0x004001b0 (line# 0x0002000d)
I 0x004001b4 (line# 0x0002000d)
R 0x004001b8 (line# 0x0002000d)
I 0x004001bc (line# 0x0002000d)
I 0x004001c0 (line# 0x0002000e)
J 0x004001c4 (line# 0x0002000e)
I 0x00400168 (line# 0x0002000b)
I 0x0040016c (line# 0x0002000b)
W 0x7fffef30 (line# 0x03ffff79)
I 0x00400170 (line# 0x0002000b)
W 0x7fffef2c (line# 0x03ffff79)
R 0x00400174 (line# 0x0002000b)
I 0x00400178 (line# 0x0002000b)
W 0x7fffef34 (line# 0x03ffff79)
I 0x0040017c (line# 0x0002000b)
W 0x7fffef38 (line# 0x03ffff79)
I 0x00400180 (line# 0x0002000c)
W 0x7fffef3c (line# 0x03ffff79)
I 0x00400184 (line# 0x0002000c)
I 0x00400188 (line# 0x0002000c)
R 0x0040018c (line# 0x0002000c)
I 0x00400190 (line# 0x0002000c)
R 0x004001e8 (line# 0x0002000f)
I 0x004001ec (line# 0x0002000f)
I 0x004001f0 (line# 0x0002000f)
I 0x004001f4 (line# 0x0002000f)
R 0x004001f8 (line# 0x0002000f)
I 0x004001cc (line# 0x0002000e)
I 0x004001d0 (line# 0x0002000e)
I 0x004001d4 (line# 0x0002000e)
R 0x004001d8 (line# 0x0002000e)
I 0x004001dc (line# 0x0002000e)
J 0x004001e0 (line# 0x0002000f)
I 0x00400168 (line# 0x0002000b)
I 0x0040016c (line# 0x0002000b)
W 0x7fffef30 (line# 0x03ffff79)
I 0x00400170 (line# 0x0002000b)
W 0x7fffef2c (line# 0x03ffff79)
R 0x00400174 (line# 0x0002000b)
I 0x00400178 (line# 0x0002000b)
W 0x7fffef34 (line# 0x03ffff79)
I 0x0040017c (line# 0x0002000b)
W 0x7fffef38 (line# 0x03ffff79)
I 0x00400180 (line# 0x0002000c)
W 0x7fffef3c (line# 0x03ffff79)
I 0x00400184 (line# 0x0002000c)
I 0x00400188 (line# 0x0002000c)
R 0x0040018c (line# 0x0002000c)
I 0x00400190 (line# 0x0002000c)
R 0x004001e8 (line# 0x0002000f)
I 0x004001ec (line# 0x0002000f)
I 0x004001f0 (line# 0x0002000f)
I 0x004001f4 (line# 0x0002000f)
R 0x004001f8 (line# 0x0002000f)
R 0x004001e8 (line# 0x0002000f)
I 0x004001ec (line# 0x0002000f)
I 0x004001f0 (line# 0x0002000f)
I 0x004001f4 (line# 0x0002000f)
R 0x004001f8 (line# 0x0002000f)
R 0x004001e8 (line# 0x0002000f)
I 0x004001ec (line# 0x0002000f)
I 0x004001f0 (line# 0x0002000f)
I 0x004001f4 (line# 0x0002000f)
R 0x004001f8 (line# 0x0002000f)
I 0x004001cc (line# 0x0002000e)
I 0x004001d0 (line# 0x0002000e)
I 0x004001d4 (line# 0x0002000e)
R 0x004001d8 (line# 0x0002000e)
I 0x004001dc (line# 0x0002000e)
J 0x004001e0 (line# 0x0002000f)
I 0x00400168 (line# 0x0002000b)
I 0x0040016c (line# 0x0002000b)
W 0x7fffef80 (line# 0x03ffff7c)
I 0x00400170 (line# 0x0002000b)
W 0x7fffef7c (line# 0x03ffff7b)
R 0x00400174 (line# 0x0002000b)
I 0x00400178 (line# 0x0002000b)
W 0x7fffef84 (line# 0x03ffff7c)
I 0x0040017c (line# 0x0002000b)
W 0x7fffef88 (line# 0x03ffff7c)
I 0x00400180 (line# 0x0002000c)
W 0x7fffef8c (line# 0x03ffff7c)
I 0x00400184 (line# 0x0002000c)
I 0x00400188 (line# 0x0002000c)
R 0x0040018c (line# 0x0002000c)
I 0x00400190 (line# 0x0002000c)
R 0x00400194 (line# 0x0002000c)
I 0x00400198 (line# 0x0002000c)
I 0x0040019c (line# 0x0002000c)
I 0x004001a0 (line# 0x0002000d)
J 0x004001a4 (line# 0x0002000d)
I 0x00400008 (line# 0x00020000)
I 0x0040000c (line# 0x00020000)
W 0x7fffef58 (line# 0x03ffff7a)
R 0x00400010 (line# 0x00020000)
I 0x00400014 (line# 0x00020000)
W 0x7fffef5c (line# 0x03ffff7a)
I 0x00400018 (line# 0x00020000)
W 0x7fffef60 (line# 0x03ffff7b)
I 0x0040001c (line# 0x00020000)
W 0x7fffef64 (line# 0x03ffff7b)
I 0x00400020 (line# 0x00020001)
R 0x00400024 (line# 0x00020001)
I 0x00400028 (line# 0x00020001)
R 0x0040002c (line# 0x00020001)
I 0x00400030 (line# 0x00020001)
I 0x00400034 (line# 0x00020001)
W 0x7fffef4c (line# 0x03ffff7a)
I 0x00400038 (line# 0x00020001)
I 0x0040003c (line# 0x00020001)
W 0x7fffef44 (line# 0x03ffff7a)
I 0x00400040 (line# 0x00020002)
I 0x00400044 (line# 0x00020002)
W 0x7fffef48 (line# 0x03ffff7a)
I 0x00400048 (line# 0x00020002)
I 0x004000e4 (line# 0x00020007)
I 0x004000e8 (line# 0x00020007)
R 0x004000ec (line# 0x00020007)
I 0x004000f0 (line# 0x00020007)
I 0x00400050 (line# 0x00020002)
R 0x00400054 (line# 0x00020002)
I 0x00400058 (line# 0x00020002)
R 0x0040005c (line# 0x00020002)
I 0x00400060 (line# 0x00020003)
I 0x00400064 (line# 0x00020003)
R 0x00400068 (line# 0x00020003)
I 0x0040006c (line# 0x00020003)
I 0x004000d8 (line# 0x00020006)
I 0x004000dc (line# 0x00020006)
I 0x004000e0 (line# 0x00020007)
W 0x7fffef48 (line# 0x03ffff7a)
I 0x004000e4 (line# 0x00020007)
I 0x004000e8 (line# 0x00020007)
R 0x004000ec (line# 0x00020007)
I 0x004000f0 (line# 0x00020007)
R 0x004000f4 (line# 0x00020007)
I 0x004000f8 (line# 0x00020007)
R 0x004000fc (line# 0x00020007)
I 0x00400100 (line# 0x00020008)
R 0x00400104 (line# 0x00020008)
I 0x00400108 (line# 0x00020008)
I 0x0040010c (line# 0x00020008)
W 0x7fffef50 (line# 0x03ffff7a)
I 0x00400110 (line# 0x00020008)
R 0x00400114 (line# 0x00020008)
I 0x00400118 (line# 0x00020008)
R 0x0040011c (line# 0x00020008)
I 0x00400120 (line# 0x00020009)
R 0x00400124 (line# 0x00020009)
I 0x00400128 (line# 0x00020009)
R 0x0040012c (line# 0x00020009)
I 0x00400130 (line# 0x00020009)
I 0x00400134 (line# 0x00020009)
W 0x10010014 (line# 0x00800800)
I 0x00400138 (line# 0x00020009)
R 0x0040013c (line# 0x00020009)
I 0x00400140 (line# 0x0002000a)
R 0x00400144 (line# 0x0002000a)
I 0x00400148 (line# 0x0002000a)
I 0x0040014c (line# 0x0002000a)
W 0x10010018 (line# 0x00800800)
I 0x00400150 (line# 0x0002000a)
R 0x00400154 (line# 0x0002000a)
I 0x00400158 (line# 0x0002000a)
I 0x0040015c (line# 0x0002000a)
R 0x00400160 (line# 0x0002000b)
I 0x004001ac (line# 0x0002000d)
W 0x7fffef74 (line# 0x03ffff7b)
I 0x004001b0 (line# 0x0002000d)
I 0x004001b4 (line# 0x0002000d)
R 0x004001b8 (line# 0x0002000d)
I 0x004001bc (line# 0x0002000d)
I 0x004001c0 (line# 0x0002000e)
J 0x004001c4 (line# 0x0002000e)
I 0x00400168 (line# 0x0002000b)
I 0x0040016c (line# 0x0002000b)
W 0x7fffef58 (line# 0x03ffff7a)
I 0x00400170 (line# 0x0002000b)
W 0x7fffef54 (line# 0x03ffff7a)
R 0x00400174 (line# 0x0002000b)
I 0x00400178 (line# 0x0002000b)
W 0x7fffef5c (line# 0x03ffff7a)
I 0x0040017c (line# 0x0002000b)
W 0x7fffef60 (line# 0x03ffff7b)
I 0x00400180 (line# 0x0002000c)
W 0x7fffef64 (line# 0x03ffff7b)
I 0x00400184 (line# 0x0002000c)
I 0x00400188 (line# 0x0002000c)
R 0x0040018c (line# 0x0002000c)
I 0x00400190 (line# 0x0002000c)
R 0x004001e8 (line# 0x0002000f)
I 0x004001ec (line# 0x0002000f)
I 0x004001f0 (line# 0x0002000f)
I 0x004001f4 (line# 0x0002000f)
R 0x004001f8 (line# 0x0002000f)
I 0x004001cc (line# 0x0002000e)
I 0x004001d0 (line# 0x0002000e)
I 0x004001d4 (line# 0x0002000e)
R 0x004001d8 (line# 0x0002000e)
I 0x004001dc (line# 0x0002000e)
J 0x004001e0 (line# 0x0002000f)
I 0x00400168 (line# 0x0002000b)
I 0x0040016c (line# 0x0002000b)
W 0x7fffef58 (line# 0x03ffff7a)
I 0x00400170 (line# 0x0002000b)
W 0x7fffef54 (line# 0x03ffff7a)
R 0x00400174 (line# 0x0002000b)
I 0x00400178 (line# 0x0002000b)
W 0x7fffef5c (line# 0x03ffff7a)
I 0x0040017c (line# 0x0002000b)
W 0x7fffef60 (line# 0x03ffff7b)
I 0x00400180 (line# 0x0002000c)
W 0x7fffef64 (line# 0x03ffff7b)
I 0x00400184 (line# 0x0002000c)
I 0x00400188 (line# 0x0002000c)
R 0x0040018c (line# 0x0002000c)
I 0x00400190 (line# 0x0002000c)
R 0x004001e8 (line# 0x0002000f)
I 0x004001ec (line# 0x0002000f)
I 0x004001f0 (line# 0x0002000f)
I 0x004001f4 (line# 0x0002000f)
R 0x004001f8 (line# 0x0002000f)
R 0x004001e8 (line# 0x0002000f)
I 0x004001ec (line# 0x0002000f)
I 0x004001f0 (line# 0x0002000f)
I 0x004001f4 (line# 0x0002000f)
R 0x004001f8 (line# 0x0002000f)
R 0x004001e8 (line# 0x0002000f)
I 0x004001ec (line# 0x0002000f)
I 0x004001f0 (line# 0x0002000f)
I 0x004001f4 (line# 0x0002000f)
R 0x004001f8 (line# 0x0002000f)
I 0x004001cc (line# 0x0002000e)
I 0x004001d0 (line# 0x0002000e)
I 0x004001d4 (line# 0x0002000e)
R 0x004001d8 (line# 0x0002000e)
I 0x004001dc (line# 0x0002000e)
J 0x004001e0 (line# 0x0002000f)
I 0x00400168 (line# 0x0002000b)
I 0x0040016c (line# 0x0002000b)
W 0x7fffefa8 (line# 0x03ffff7d)
I 0x00400170 (line# 0x0002000b)
W 0x7fffefa4 (line# 0x03ffff7d)
R 0x00400174 (line# 0x0002000b)
I 0x00400178 (line# 0x0002000b)
W 0x7fffefac (line# 0x03ffff7d)
I 0x0040017c (line# 0x0002000b)
W 0x7fffefb0 (line# 0x03ffff7d)
I 0x00400180 (line# 0x0002000c)
W 0x7fffefb4 (line# 0x03ffff7d)
I 0x00400184 (line# 0x0002000c)
I 0x00400188 (line# 0x0002000c)
R 0x0040018c (line# 0x0002000c)
I 0x00400190 (line# 0x0002000c)
R 0x00400194 (line# 0x0002000c)
I 0x00400198 (line# 0x0002000c)
I 0x0040019c (line# 0x0002000c)
I 0x004001a0 (line# 0x0002000d)
J 0x004001a4 (line# 0x0002000d)
I 0x00400008 (line# 0x00020000)
I 0x0040000c (line# 0x00020000)
W 0x7fffef80 (line# 0x03ffff7c)
R 0x00400010 (line# 0x00020000)
I 0x00400014 (line# 0x00020000)
W 0x7fffef84 (line# 0x03ffff7c)
I 0x00400018 (line# 0x00020000)
W 0x7fffef88 (line# 0x03ffff7c)
I 0x0040001c (line# 0x00020000)
W 0x7fffef8c (line# 0x03ffff7c)
I 0x00400020 (line# 0x00020001)
R 0x00400024 (line# 0x00020001)
I 0x00400028 (line# 0x00020001)
R 0x0040002c (line# 0x00020001)
I 0x00400030 (line# 0x00020001)
I 0x00400034 (line# 0x00020001)
W 0x7fffef74 (line# 0x03ffff7b)
I 0x00400038 (line# 0x00020001)
I 0x0040003c (line# 0x00020001)
W 0x7fffef6c (line# 0x03ffff7b)
I 0x00400040 (line# 0x00020002)
I 0x00400044 (line# 0x00020002)
W 0x7fffef70 (line# 0x03ffff7b)
I 0x00400048 (line# 0x00020002)
I 0x004000e4 (line# 0x00020007)
I 0x004000e8 (line# 0x00020007)
R 0x004000ec (line# 0x00020007)
I 0x004000f0 (line# 0x00020007)
I 0x00400050 (line# 0x00020002)
R 0x00400054 (line# 0x00020002)
I 0x00400058 (line# 0x00020002)
R 0x0040005c (line# 0x00020002)
I 0x00400060 (line# 0x00020003)
I 0x00400064 (line# 0x00020003)
R 0x00400068 (line# 0x00020003)
I 0x0040006c (line# 0x00020003)
R 0x00400070 (line# 0x00020003)
I 0x00400074 (line# 0x00020003)
R 0x00400078 (line# 0x00020003)
I 0x0040007c (line# 0x00020003)
R 0x00400080 (line# 0x00020004)
I 0x00400084 (line# 0x00020004)
I 0x00400088 (line# 0x00020004)
W 0x7fffef78 (line# 0x03ffff7b)
I 0x0040008c (line# 0x00020004)
R 0x00400090 (line# 0x00020004)
I 0x00400094 (line# 0x00020004)
R 0x00400098 (line# 0x00020004)
I 0x0040009c (line# 0x00020004)
R 0x004000a0 (line# 0x00020005)
I 0x004000a4 (line# 0x00020005)
R 0x004000a8 (line# 0x00020005)
I 0x004000ac (line# 0x00020005)
I 0x004000b0 (line# 0x00020005)
W 0x10010020 (line# 0x00800801)
I 0x004000b4 (line# 0x00020005)
R 0x004000b8 (line# 0x00020005)
I 0x004000bc (line# 0x00020005)
R 0x004000c0 (line# 0x00020006)
I 0x004000c4 (line# 0x00020006)
I 0x004000c8 (line# 0x00020006)
W 0x10010020 (line# 0x00800801)
I 0x004000cc (line# 0x00020006)
I 0x004000d0 (line# 0x00020006)
I 0x004000d4 (line# 0x00020006)
W 0x7fffef6c (line# 0x03ffff7b)
I 0x004000d8 (line# 0x00020006)
I 0x004000dc (line# 0x00020006)
I 0x004000e0 (line# 0x00020007)
W 0x7fffef70 (line# 0x03ffff7b)
I 0x004000e4 (line# 0x00020007)
I 0x004000e8 (line# 0x00020007)
R 0x004000ec (line# 0x00020007)
I 0x004000f0 (line# 0x00020007)
I 0x00400050 (line# 0x00020002)
R 0x00400054 (line# 0x00020002)
I 0x00400058 (line# 0x00020002)
R 0x0040005c (line# 0x00020002)
I 0x00400060 (line# 0x00020003)
I 0x00400064 (line# 0x00020003)
R 0x00400068 (line# 0x00020003)
I 0x0040006c (line# 0x00020003)
R 0x00400070 (line# 0x00020003)
I 0x00400074 (line# 0x00020003)
R 0x00400078 (line# 0x00020003)
I 0x0040007c (line# 0x00020003)
R 0x00400080 (line# 0x00020004)
I 0x00400084 (line# 0x00020004)
I 0x00400088 (line# 0x00020004)
W 0x7fffef78 (line# 0x03ffff7b)
I 0x0040008c (line# 0x00020004)
R 0x00400090 (line# 0x00020004)
I 0x00400094 (line# 0x00020004)
R 0x00400098 (line# 0x00020004)
I 0x0040009c (line# 0x00020004)
R 0x004000a0 (line# 0x00020005)
I 0x004000a4 (line# 0x00020005)
R 0x004000a8 (line# 0x00020005)
I 0x004000ac (line# 0x00020005)
I 0x004000b0 (line# 0x00020005)
W 0x10010024 (line# 0x00800801)
I 0x004000b4 (line# 0x00020005)
R 0x004000b8 (line# 0x00020005)
I 0x004000bc (line# 0x00020005)
R 0x004000c0 (line# 0x00020006)
I 0x004000c4 (line# 0x00020006)
I 0x004000c8 (line# 0x00020006)
W 0x10010024 (line# 0x00800801)
I 0x004000cc (line# 0x00020006)
I 0x004000d0 (line# 0x00020006)
I 0x004000d4 (line# 0x00020006)
W 0x7fffef6c (line# 0x03ffff7b)
I 0x004000d8 (line# 0x00020006)
I 0x004000dc (line# 0x00020006)
I 0x004000e0 (line# 0x00020007)
W 0x7fffef70 (line# 0x03ffff7b)
I 0x004000e4 (line# 0x00020007)
I 0x004000e8 (line# 0x00020007)
R 0x004000ec (line# 0x00020007)
I 0x004000f0 (line# 0x00020007)
R 0x004000f4 (line# 0x00020007)
I 0x004000f8 (line# 0x00020007)
R 0x004000fc (line# 0x00020007)
I 0x00400100 (line# 0x00020008)
R 0x00400104 (line# 0x00020008)
I 0x00400108 (line# 0x00020008)
I 0x0040010c (line# 0x00020008)
W 0x7fffef78 (line# 0x03ffff7b)
I 0x00400110 (line# 0x00020008)
R 0x00400114 (line# 0x00020008)
I 0x00400118 (line# 0x00020008)
R 0x0040011c (line# 0x00020008)
I 0x00400120 (line# 0x00020009)
R 0x00400124 (line# 0x00020009)
I 0x00400128 (line# 0x00020009)
R 0x0040012c (line# 0x00020009)
I 0x00400130 (line# 0x00020009)
I 0x00400134 (line# 0x00020009)
W 0x10010028 (line# 0x00800801)
I 0x00400138 (line# 0x00020009)
R 0x0040013c (line# 0x00020009)
I 0x00400140 (line# 0x0002000a)
R 0x00400144 (line# 0x0002000a)
I 0x00400148 (line# 0x0002000a)
I 0x0040014c (line# 0x0002000a)
W 0x10010028 (line# 0x00800801)
I 0x00400150 (line# 0x0002000a)
R 0x00400154 (line# 0x0002000a)
I 0x00400158 (line# 0x0002000a)
I 0x0040015c (line# 0x0002000a)
R 0x00400160 (line# 0x0002000b)
I 0x004001ac (line# 0x0002000d)
W 0x7fffef9c (line# 0x03ffff7c)
I 0x004001b0 (line# 0x0002000d)
I 0x004001b4 (line# 0x0002000d)
R 0x004001b8 (line# 0x0002000d)
I 0x004001bc (line# 0x0002000d)
I 0x004001c0 (line# 0x0002000e)
J 0x004001c4 (line# 0x0002000e)
I 0x00400168 (line# 0x0002000b)
I 0x0040016c (line# 0x0002000b)
W 0x7fffef80 (line# 0x03ffff7c)
I 0x00400170 (line# 0x0002000b)
W 0x7fffef7c (line# 0x03ffff7b)
R 0x00400174 (line# 0x0002000b)
I 0x00400178 (line# 0x0002000b)
W 0x7fffef84 (line# 0x03ffff7c)
I 0x0040017c (line# 0x0002000b)
W 0x7fffef88 (line# 0x03ffff7c)
I 0x00400180 (line# 0x0002000c)
W 0x7fffef8c (line# 0x03ffff7c)
I 0x00400184 (line# 0x0002000c)
I 0x00400188 (line# 0x0002000c)
R 0x0040018c (line# 0x0002000c)
I 0x00400190 (line# 0x0002000c)
R 0x00400194 (line# 0x0002000c)
I 0x00400198 (line# 0x0002000c)
I 0x0040019c (line# 0x0002000c)
I 0x004001a0 (line# 0x0002000d)
J 0x004001a4 (line# 0x0002000d)
I 0x00400008 (line# 0x00020000)
I 0x0040000c (line# 0x00020000)
W 0x7fffef58 (line# 0x03ffff7a)
R 0x00400010 (line# 0x00020000)
I 0x00400014 (line# 0x00020000)
W 0x7fffef5c (line# 0x03ffff7a)
I 0x00400018 (line# 0x00020000)
W 0x7fffef60 (line# 0x03ffff7b)
I 0x0040001c (line# 0x00020000)
W 0x7fffef64 (line# 0x03ffff7b)
I 0x00400020 (line# 0x00020001)
R 0x00400024 (line# 0x00020001)
I 0x00400028 (line# 0x00020001)
R 0x0040002c (line# 0x00020001)
I 0x00400030 (line# 0x00020001)
I 0x00400034 (line# 0x00020001)
W 0x7fffef4c (line# 0x03ffff7a)
I 0x00400038 (line# 0x00020001)
I 0x0040003c (line# 0x00020001)
W 0x7fffef44 (line# 0x03ffff7a)
I 0x00400040 (line# 0x00020002)
I 0x00400044 (line# 0x00020002)
W 0x7fffef48 (line# 0x03ffff7a)
I 0x00400048 (line# 0x00020002)
I 0x004000e4 (line# 0x00020007)
I 0x004000e8 (line# 0x00020007)
R 0x004000ec (line# 0x00020007)
I 0x004000f0 (line# 0x00020007)
I 0x00400050 (line# 0x00020002)
R 0x00400054 (line# 0x00020002)
I 0x00400058 (line# 0x00020002)
R 0x0040005c (line# 0x00020002)
I 0x00400060 (line# 0x00020003)
I 0x00400064 (line# 0x00020003)
R 0x00400068 (line# 0x00020003)
I 0x0040006c (line# 0x00020003)
R 0x00400070 (line# 0x00020003)
I 0x00400074 (line# 0x00020003)
R 0x00400078 (line# 0x00020003)
I 0x0040007c (line# 0x00020003)
R 0x00400080 (line# 0x00020004)
I 0x00400084 (line# 0x00020004)
I 0x00400088 (line# 0x00020004)
W 0x7fffef50 (line# 0x03ffff7a)
I 0x0040008c (line# 0x00020004)
R 0x00400090 (line# 0x00020004)
I 0x00400094 (line# 0x00020004)
R 0x00400098 (line# 0x00020004)
I 0x0040009c (line# 0x00020004)
R 0x004000a0 (line# 0x00020005)
I 0x004000a4 (line# 0x00020005)
R 0x004000a8 (line# 0x00020005)
I 0x004000ac (line# 0x00020005)
I 0x004000b0 (line# 0x00020005)
W 0x10010020 (line# 0x00800801)
I 0x004000b4 (line# 0x00020005)
R 0x004000b8 (line# 0x00020005)
I 0x004000bc (line# 0x00020005)
R 0x004000c0 (line# 0x00020006)
I 0x004000c4 (line# 0x00020006)
I 0x004000c8 (line# 0x00020006)
W 0x10010020 (line# 0x00800801)
I 0x004000cc (line# 0x00020006)
I 0x004000d0 (line# 0x00020006)
I 0x004000d4 (line# 0x00020006)
W 0x7fffef44 (line# 0x03ffff7a)
I 0x004000d8 (line# 0x00020006)
I 0x004000dc (line# 0x00020006)
I 0x004000e0 (line# 0x00020007)
W 0x7fffef48 (line# 0x03ffff7a)
I 0x004000e4 (line# 0x00020007)
I 0x004000e8 (line# 0x00020007)
R 0x004000ec (line# 0x00020007)
I 0x004000f0 (line# 0x00020007)
R 0x004000f4 (line# 0x00020007)
I 0x004000f8 (line# 0x00020007)
R 0x004000fc (line# 0x00020007)
I 0x00400100 (line# 0x00020008)
R 0x00400104 (line# 0x00020008)
I 0x00400108 (line# 0x00020008)
I 0x0040010c (line# 0x00020008)
W 0x7fffef50 (line# 0x03ffff7a)
I 0x00400110 (line# 0x00020008)
R 0x00400114 (line# 0x00020008)
I 0x00400118 (line# 0x00020008)
R 0x0040011c (line# 0x00020008)
I 0x00400120 (line# 0x00020009)
R 0x00400124 (line# 0x00020009)
I 0x00400128 (line# 0x00020009)
R 0x0040012c (line# 0x00020009)
I 0x00400130 (line# 0x00020009)
I 0x00400134 (line# 0x00020009)
W 0x10010024 (line# 0x00800801)
I 0x00400138 (line# 0x00020009)
R 0x0040013c (line# 0x00020009)
I 0x00400140 (line# 0x0002000a)
R 0x00400144 (line# 0x0002000a)
I 0x00400148 (line# 0x0002000a)
I 0x0040014c (line# 0x0002000a)
W 0x10010024 (line# 0x00800801)
I 0x00400150 (line# 0x0002000a)
R 0x00400154 (line# 0x0002000a)
I 0x00400158 (line# 0x0002000a)
I 0x0040015c (line# 0x0002000a)
R 0x00400160 (line# 0x0002000b)
I 0x004001ac (line# 0x0002000d)
W 0x7fffef74 (line# 0x03ffff7b)
I 0x004001b0 (line# 0x0002000d)
I 0x004001b4 (line# 0x0002000d)
R 0x004001b8 (line# 0x0002000d)
I 0x004001bc (line# 0x0002000d)
I 0x004001c0 (line# 0x0002000e)
J 0x004001c4 (line# 0x0002000e)
I 0x00400168 (line# 0x0002000b)
I 0x0040016c (line# 0x0002000b)
W 0x7fffef58 (line# 0x03ffff7a)
I 0x00400170 (line# 0x0002000b)
W 0x7fffef54 (line# 0x03ffff7a)
R 0x00400174 (line# 0x0002000b)
I 0x00400178 (line# 0x0002000b)
W 0x7fffef5c (line# 0x03ffff7a)
I 0x0040017c (line# 0x0002000b)
W 0x7fffef60 (line# 0x03ffff7b)
I 0x00400180 (line# 0x0002000c)
W 0x7fffef64 (line# 0x03ffff7b)
I 0x00400184 (line# 0x0002000c)
I 0x00400188 (line# 0x0002000c)
R 0x0040018c (line# 0x0002000c)
I 0x00400190 (line# 0x0002000c)
R 0x004001e8 (line# 0x0002000f)
I 0x004001ec (line# 0x0002000f)
I 0x004001f0 (line# 0x0002000f)
I 0x004001f4 (line# 0x0002000f)
R 0x004001f8 (line# 0x0002000f)
I 0x004001cc (line# 0x0002000e)
I 0x004001d0 (line# 0x0002000e)
I 0x004001d4 (line# 0x0002000e)
R 0x004001d8 (line# 0x0002000e)
I 0x004001dc (line# 0x0002000e)
J 0x004001e0 (line# 0x0002000f)
I 0x00400168 (line# 0x0002000b)
I 0x0040016c (line# 0x0002000b)
W 0x7fffef58 (line# 0x03ffff7a)
I 0x00400170 (line# 0x0002000b)
W 0x7fffef54 (line# 0x03ffff7a)
R 0x00400174 (line# 0x0002000b)
I 0x00400178 (line# 0x0002000b)
W 0x7fffef5c (line# 0x03ffff7a)
I 0x0040017c (line# 0x0002000b)
W 0x7fffef60 (line# 0x03ffff7b)
I 0x00400180 (line# 0x0002000c)
W 0x7fffef64 (line# 0x03ffff7b)
I 0x00400184 (line# 0x0002000c)
I 0x00400188 (line# 0x0002000c)
R 0x0040018c (line# 0x0002000c)
I 0x00400190 (line# 0x0002000c)
R 0x004001e8 (line# 0x0002000f)
I 0x004001ec (line# 0x0002000f)
I 0x004001f0 (line# 0x0002000f)
I 0x004001f4 (line# 0x0002000f)
R 0x004001f8 (line# 0x0002000f)
R 0x004001e8 (line# 0x0002000f)
I 0x004001ec (line# 0x0002000f)
I 0x004001f0 (line# 0x0002000f)
I 0x004001f4 (line# 0x0002000f)
R 0x004001f8 (line# 0x0002000f)
I 0x004001cc (line# 0x0002000e)
I 0x004001d0 (line# 0x0002000e)
I 0x004001d4 (line# 0x0002000e)
R 0x004001d8 (line# 0x0002000e)
I 0x004001dc (line# 0x0002000e)
J 0x004001e0 (line# 0x0002000f)
I 0x00400168 (line# 0x0002000b)
I 0x0040016c (line# 0x0002000b)
W 0x7fffef80 (line# 0x03ffff7c)
I 0x00400170 (line# 0x0002000b)
W 0x7fffef7c (line# 0x03ffff7b)
R 0x00400174 (line# 0x0002000b)
I 0x00400178 (line# 0x0002000b)
W 0x7fffef84 (line# 0x03ffff7c)
I 0x0040017c (line# 0x0002000b)
W 0x7fffef88 (line# 0x03ffff7c)
I 0x00400180 (line# 0x0002000c)
W 0x7fffef8c (line# 0x03ffff7c)
I 0x00400184 (line# 0x0002000c)
I 0x00400188 (line# 0x0002000c)
R 0x0040018c (line# 0x0002000c)
I 0x00400190 (line# 0x0002000c)
R 0x004001e8 (line# 0x0002000f)
I 0x004001ec (line# 0x0002000f)
I 0x004001f0 (line# 0x0002000f)
I 0x004001f4 (line# 0x0002000f)
R 0x004001f8 (line# 0x0002000f)
R 0x004001e8 (line# 0x0002000f)
I 0x004001ec (line# 0x0002000f)
I 0x004001f0 (line# 0x0002000f)
I 0x004001f4 (line# 0x0002000f)
R 0x004001f8 (line# 0x0002000f)
R 0x004001e8 (line# 0x0002000f)
I 0x004001ec (line# 0x0002000f)
I 0x004001f0 (line# 0x0002000f)
I 0x004001f4 (line# 0x0002000f)
R 0x004001f8 (line# 0x0002000f)
I 0x004001cc (line# 0x0002000e)
I 0x004001d0 (line# 0x0002000e)
I 0x004001d4 (line# 0x0002000e)
R 0x004001d8 (line# 0x0002000e)
I 0x004001dc (line# 0x0002000e)
J 0x004001e0 (line# 0x0002000f)
I 0x00400168 (line# 0x0002000b)
I 0x0040016c (line# 0x0002000b)
W 0x7fffefd0 (line# 0x03ffff7e)
I 0x00400170 (line# 0x0002000b)
W 0x7fffefcc (line# 0x03ffff7e)
R 0x00400174 (line# 0x0002000b)
I 0x00400178 (line# 0x0002000b)
W 0x7fffefd4 (line# 0x03ffff7e)
I 0x0040017c (line# 0x0002000b)
W 0x7fffefd8 (line# 0x03ffff7e)
I 0x00400180 (line# 0x0002000c)
W 0x7fffefdc (line# 0x03ffff7e)
I 0x00400184 (line# 0x0002000c)
I 0x00400188 (line# 0x0002000c)
R 0x0040018c (line# 0x0002000c)
I 0x00400190 (line# 0x0002000c)
R 0x004001e8 (line# 0x0002000f)
I 0x004001ec (line# 0x0002000f)
I 0x004001f0 (line# 0x0002000f)
I 0x004001f4 (line# 0x0002000f)
R 0x004001f8 (line# 0x0002000f)
R 0x004001e8 (line# 0x0002000f)
I 0x004001ec (line# 0x0002000f)
I 0x004001f0 (line# 0x0002000f)
I 0x004001f4 (line# 0x0002000f)
R 0x004001f8 (line# 0x0002000f)
I 0x00400290 (line# 0x00020014)
I 0x00400294 (line# 0x00020014)
I 0x00400298 (line# 0x00020014)
R 0x0040029c (line# 0x00020014)
J 0x004002a0 (line# 0x00020015)
R 0x00400200 (line# 0x00020010)
I 0x00400204 (line# 0x00020010)
I 0x00400208 (line# 0x00020010)
I 0x0040020c (line# 0x00020010)
I 0x00400210 (line# 0x00020010)
R 0x00400214 (line# 0x00020010)
R 0x00400218 (line# 0x00020010)
I 0x0040021c (line# 0x00020010)
I 0x00400220 (line# 0x00020011)
R 0x00400224 (line# 0x00020011)
I 0x00400228 (line# 0x00020011)
I 0x0040022c (line# 0x00020011)
R 0x00400230 (line# 0x00020011)
I 0x00400234 (line# 0x00020011)
I 0x00400238 (line# 0x00020011)
R 0x0040023c (line# 0x00020011)
J 0x00400240 (line# 0x00020012)
R 0x00400214 (line# 0x00020010)
R 0x00400218 (line# 0x00020010)
I 0x0040021c (line# 0x00020010)
I 0x00400220 (line# 0x00020011)
R 0x00400224 (line# 0x00020011)
I 0x00400228 (line# 0x00020011)
I 0x0040022c (line# 0x00020011)
R 0x00400230 (line# 0x00020011)
I 0x00400234 (line# 0x00020011)
I 0x00400238 (line# 0x00020011)
R 0x0040023c (line# 0x00020011)
J 0x00400240 (line# 0x00020012)
R 0x00400214 (line# 0x00020010)
R 0x00400218 (line# 0x00020010)
I 0x0040021c (line# 0x00020010)
I 0x00400220 (line# 0x00020011)
R 0x00400224 (line# 0x00020011)
I 0x00400228 (line# 0x00020011)
I 0x0040022c (line# 0x00020011)
R 0x00400230 (line# 0x00020011)
I 0x00400234 (line# 0x00020011)
I 0x00400238 (line# 0x00020011)
R 0x0040023c (line# 0x00020011)
J 0x00400240 (line# 0x00020012)
R 0x00400214 (line# 0x00020010)
R 0x00400218 (line# 0x00020010)
I 0x0040021c (line# 0x00020010)
I 0x00400220 (line# 0x00020011)
R 0x00400224 (line# 0x00020011)
I 0x00400228 (line# 0x00020011)
I 0x0040022c (line# 0x00020011)
R 0x00400230 (line# 0x00020011)
I 0x00400234 (line# 0x00020011)
I 0x00400238 (line# 0x00020011)
R 0x0040023c (line# 0x00020011)
J 0x00400240 (line# 0x00020012)
R 0x00400214 (line# 0x00020010)
R 0x00400218 (line# 0x00020010)
I 0x0040021c (line# 0x00020010)
I 0x00400220 (line# 0x00020011)
R 0x00400224 (line# 0x00020011)
I 0x00400228 (line# 0x00020011)
I 0x0040022c (line# 0x00020011)
R 0x00400230 (line# 0x00020011)
I 0x00400234 (line# 0x00020011)
I 0x00400238 (line# 0x00020011)
R 0x0040023c (line# 0x00020011)
J 0x00400240 (line# 0x00020012)
R 0x00400214 (line# 0x00020010)
R 0x00400218 (line# 0x00020010)
I 0x0040021c (line# 0x00020010)
I 0x00400220 (line# 0x00020011)
R 0x00400224 (line# 0x00020011)
I 0x00400228 (line# 0x00020011)
I 0x0040022c (line# 0x00020011)
R 0x00400230 (line# 0x00020011)
I 0x00400234 (line# 0x00020011)
I 0x00400238 (line# 0x00020011)
R 0x0040023c (line# 0x00020011)
J 0x00400240 (line# 0x00020012)
R 0x00400214 (line# 0x00020010)
R 0x00400218 (line# 0x00020010)
I 0x0040021c (line# 0x00020010)
I 0x00400220 (line# 0x00020011)
R 0x00400224 (line# 0x00020011)
I 0x00400228 (line# 0x00020011)
I 0x0040022c (line# 0x00020011)
R 0x00400230 (line# 0x00020011)
I 0x00400234 (line# 0x00020011)
I 0x00400238 (line# 0x00020011)
R 0x0040023c (line# 0x00020011)
J 0x00400240 (line# 0x00020012)
R 0x00400214 (line# 0x00020010)
R 0x00400218 (line# 0x00020010)
I 0x0040021c (line# 0x00020010)
I 0x00400220 (line# 0x00020011)
R 0x00400224 (line# 0x00020011)
I 0x00400228 (line# 0x00020011)
I 0x0040022c (line# 0x00020011)
R 0x00400230 (line# 0x00020011)
I 0x00400234 (line# 0x00020011)
I 0x00400238 (line# 0x00020011)
R 0x0040023c (line# 0x00020011)
J 0x00400240 (line# 0x00020012)
R 0x00400214 (line# 0x00020010)
R 0x00400218 (line# 0x00020010)
I 0x0040021c (line# 0x00020010)
I 0x00400220 (line# 0x00020011)
R 0x00400224 (line# 0x00020011)
I 0x00400228 (line# 0x00020011)
I 0x0040022c (line# 0x00020011)
R 0x00400230 (line# 0x00020011)
I 0x00400234 (line# 0x00020011)
I 0x00400238 (line# 0x00020011)
R 0x0040023c (line# 0x00020011)
J 0x00400240 (line# 0x00020012)
R 0x00400214 (line# 0x00020010)
R 0x00400218 (line# 0x00020010)
I 0x0040021c (line# 0x00020010)
I 0x00400220 (line# 0x00020011)
R 0x00400224 (line# 0x00020011)
I 0x00400228 (line# 0x00020011)
I 0x0040022c (line# 0x00020011)
R 0x00400230 (line# 0x00020011)
I 0x00400234 (line# 0x00020011)
I 0x00400238 (line# 0x00020011)
R 0x00400248 (line# 0x00020012)
I 0x004002a8 (line# 0x00020015)
I 0x004002ac (line# 0x00020015)
R 0x004002b0 (line# 0x00020015)
I 0x004002b4 (line# 0x00020015)
R 0x004002b8 (line# 0x00020015)
